Log file open, 05/30/22 19:41:13
LogWindows: Failed to load 'aqProf.dll' (GetLastError=126)
LogWindows: File 'aqProf.dll' does not exist
LogWindows: Failed to load 'VtuneApi.dll' (GetLastError=126)
LogWindows: File 'VtuneApi.dll' does not exist
LogWindows: Failed to load 'VtuneApi32e.dll' (GetLastError=126)
LogWindows: File 'VtuneApi32e.dll' does not exist
LogConsoleResponse: Display: Failed to find resolution value strings in scalability ini. Falling back to default.
LogConsoleResponse: Display: Failed to find resolution value strings in scalability ini. Falling back to default.
LogInit: Display: Running engine for game: murderer
LogPlatformFile: Not using cached read wrapper
LogTaskGraph: Started task graph with 5 named threads and 59 total threads with 3 sets of task threads.
LogStats: Stats thread started at 0.184112
LogICUInternationalization: ICU TimeZone Detection - Raw Offset: +1:00, Platform Override: ''
LogInit: Display: Loading text-based GConfig....
LogPluginManager: Mounting plugin MeshPainting
LogPluginManager: Mounting plugin XGEController
LogPluginManager: Mounting plugin Paper2D
LogPluginManager: Mounting plugin AISupport
LogPluginManager: Mounting plugin EnvironmentQueryEditor
LogPluginManager: Mounting plugin LightPropagationVolume
LogPluginManager: Mounting plugin LiveLink
LogPluginManager: Mounting plugin CameraShakePreviewer
LogPluginManager: Mounting plugin GameplayCameras
LogPluginManager: Mounting plugin AssetManagerEditor
LogPluginManager: Mounting plugin CLionSourceCodeAccess
LogPluginManager: Mounting plugin AnimationSharing
LogPluginManager: Mounting plugin CodeLiteSourceCodeAccess
LogPluginManager: Mounting plugin GitSourceControl
LogPluginManager: Mounting plugin CurveEditorTools
LogPluginManager: Mounting plugin CryptoKeys
LogPluginManager: Mounting plugin DataValidation
LogPluginManager: Mounting plugin NullSourceCodeAccess
LogPluginManager: Mounting plugin KDevelopSourceCodeAccess
LogPluginManager: Mounting plugin LuminPlatformFeatures
LogPluginManager: Mounting plugin AlembicImporter
LogPluginManager: Mounting plugin PerforceSourceControl
LogPluginManager: Mounting plugin OodleData
LogPluginManager: Mounting plugin AutomationUtils
LogPluginManager: Mounting plugin MagicLeap
LogPluginManager: Mounting plugin GameplayTagsEditor
LogPluginManager: Mounting plugin FacialAnimation
LogPluginManager: Mounting plugin GeometryMode
LogPluginManager: Mounting plugin ActorSequence
LogPluginManager: Mounting plugin TcpMessaging
LogPluginManager: Mounting plugin Niagara
LogPluginManager: Mounting plugin OodleNetwork
LogPluginManager: Mounting plugin AndroidMedia
LogPluginManager: Mounting plugin UdpMessaging
LogPluginManager: Mounting plugin MagicLeapMedia
LogPluginManager: Mounting plugin PixWinPlugin
LogPluginManager: Mounting plugin PlasticSourceControl
LogPluginManager: Mounting plugin PluginUtils
LogPluginManager: Mounting plugin BackChannel
LogPluginManager: Mounting plugin MaterialAnalyzer
LogPluginManager: Mounting plugin PropertyAccessNode
LogPluginManager: Mounting plugin SubversionSourceControl
LogPluginManager: Mounting plugin TextureFormatOodle
LogPluginManager: Mounting plugin RiderSourceCodeAccess
LogPluginManager: Mounting plugin MobileLauncherProfileWizard
LogPluginManager: Mounting plugin MacGraphicsSwitching
LogPluginManager: Mounting plugin PluginBrowser
LogPluginManager: Mounting plugin MagicLeapPassableWorld
LogPluginManager: Mounting plugin UObjectPlugin
LogPluginManager: Mounting plugin SpeedTreeImporter
LogPluginManager: Mounting plugin AvfMedia
LogPluginManager: Mounting plugin LevelSequenceEditor
LogPluginManager: Mounting plugin MatineeToLevelSequence
LogPluginManager: Mounting plugin ChaosCloth
LogPluginManager: Mounting plugin ChaosClothEditor
LogPluginManager: Mounting plugin OnlineSubsystem
LogPluginManager: Mounting plugin ChaosEditor
LogPluginManager: Mounting plugin TemplateSequence
LogPluginManager: Mounting plugin ChaosSolverPlugin
LogPluginManager: Mounting plugin MLSDK
LogPluginManager: Mounting plugin ChaosNiagara
LogPluginManager: Mounting plugin ActorLayerUtilities
LogPluginManager: Mounting plugin XCodeSourceCodeAccess
LogPluginManager: Mounting plugin VisualStudioCodeSourceCodeAccess
LogPluginManager: Mounting plugin VisualStudioSourceCodeAccess
LogPluginManager: Mounting plugin ImgMedia
LogPluginManager: Mounting plugin MagicLeapLightEstimation
LogPluginManager: Mounting plugin MediaCompositing
LogPluginManager: Mounting plugin GeometryCache
LogPluginManager: Mounting plugin GeometryCollectionPlugin
LogPluginManager: Mounting plugin MediaPlayerEditor
LogPluginManager: Mounting plugin CharacterAI
LogPluginManager: Mounting plugin AndroidDeviceProfileSelector
LogPluginManager: Mounting plugin WebMMedia
LogPluginManager: Mounting plugin AndroidMoviePlayer
LogPluginManager: Mounting plugin WmfMedia
LogPluginManager: Mounting plugin AppleImageUtils
LogPluginManager: Mounting plugin AppleMoviePlayer
LogPluginManager: Mounting plugin AndroidPermission
LogPluginManager: Mounting plugin OnlineSubsystemNull
LogPluginManager: Mounting plugin OnlineSubsystemUtils
LogPluginManager: Mounting plugin GeometryProcessing
LogPluginManager: Mounting plugin LauncherChunkInstaller
LogPluginManager: Mounting plugin OpenImageDenoise
LogPluginManager: Mounting plugin MotoSynth
LogPluginManager: Mounting plugin PlatformCrypto
LogPluginManager: Mounting plugin PlanarCut
LogPluginManager: Mounting plugin ProxyLODPlugin
LogPluginManager: Mounting plugin PythonScriptPlugin
LogPluginManager: Mounting plugin ArchVisCharacter
LogPluginManager: Mounting plugin SkeletalReduction
LogPluginManager: Mounting plugin AssetTags
LogPluginManager: Mounting plugin AudioCapture
LogPluginManager: Mounting plugin AudioSynesthesia
LogPluginManager: Mounting plugin ScreenshotTools
LogPluginManager: Mounting plugin ChunkDownloader
LogPluginManager: Mounting plugin CustomMeshComponent
LogPluginManager: Mounting plugin EditableMesh
LogPluginManager: Mounting plugin DatasmithContent
LogPluginManager: Mounting plugin ExampleDeviceProfileSelector
LogPluginManager: Mounting plugin CableComponent
LogPluginManager: Mounting plugin GoogleCloudMessaging
LogPluginManager: Mounting plugin GooglePAD
LogPluginManager: Mounting plugin IOSDeviceProfileSelector
LogPluginManager: Mounting plugin Takes
LogPluginManager: Mounting plugin LinuxDeviceProfileSelector
LogPluginManager: Mounting plugin VariantManagerContent
LogPluginManager: Mounting plugin LocationServicesBPLibrary
LogPluginManager: Mounting plugin MobilePatchingUtils
LogPluginManager: Mounting plugin OpenXR
LogPluginManager: Mounting plugin OpenXREyeTracker
LogPluginManager: Mounting plugin OpenXRHandTracking
LogPluginManager: Mounting plugin PostSplashScreen
LogPluginManager: Mounting plugin ProceduralMeshComponent
LogPluginManager: Mounting plugin PhysXVehicles
LogPluginManager: Mounting plugin PropertyAccessEditor
LogPluginManager: Mounting plugin SignificanceManager
LogPluginManager: Mounting plugin SoundFields
LogPluginManager: Mounting plugin Synthesis
LogPluginManager: Mounting plugin WebMMoviePlayer
LogPluginManager: Mounting plugin WindowsMoviePlayer
LogPluginManager: Mounting plugin RuntimePhysXCooking
LogPluginManager: Mounting plugin ContentBrowserFileDataSource
LogPluginManager: Mounting plugin ContentBrowserAssetDataSource
LogPluginManager: Mounting plugin ContentBrowserClassDataSource
LogPluginManager: Mounting plugin OnlineSubsystemGooglePlay
LogPluginManager: Mounting plugin OnlineSubsystemIOS
LogPluginManager: Mounting plugin OculusVR
LogPluginManager: Mounting plugin SteamVR
PixWinPlugin: PIX capture plugin failed to initialize! Check that the process is launched from PIX.
LogInit: Using libcurl 7.55.1-DEV
LogInit:  - built for x86_64-pc-win32
LogInit:  - supports SSL with OpenSSL/1.1.1
LogInit:  - supports HTTP deflate (compression) using libz 1.2.8
LogInit:  - other features:
LogInit:      CURL_VERSION_SSL
LogInit:      CURL_VERSION_LIBZ
LogInit:      CURL_VERSION_IPV6
LogInit:      CURL_VERSION_ASYNCHDNS
LogInit:      CURL_VERSION_LARGEFILE
LogInit:      CURL_VERSION_IDN
LogInit:  CurlRequestOptions (configurable via config and command line):
LogInit:  - bVerifyPeer = true  - Libcurl will verify peer certificate
LogInit:  - bUseHttpProxy = false  - Libcurl will NOT use HTTP proxy
LogInit:  - bDontReuseConnections = false  - Libcurl will reuse connections
LogInit:  - MaxHostConnections = 16  - Libcurl will limit the number of connections to a host
LogInit:  - LocalHostAddr = Default
LogInit:  - BufferSize = 65536
LogOnline: OSS: Creating online subsystem instance for: NULL
LogInit: WinSock: version 1.1 (2.2), MaxSocks=32767, MaxUdp=65467
LogOnline: OSS: TryLoadSubsystemAndSetDefault: Loaded subsystem for module [NULL]
LogOculusPluginWrapper: OculusPlugin initialized successfully
LogHMD: Failed initializing OVRPlugin 1.59.0
LogInit: Build: ++UE4+Release-4.27-CL-18319896
LogInit: Engine Version: 4.27.2-18319896+++UE4+Release-4.27
LogInit: Compatible Engine Version: 4.27.0-17155196+++UE4+Release-4.27
LogInit: Net CL: 17155196
LogInit: OS: Windows 10 (Release 2009) (), CPU: 12th Gen Intel(R) Core(TM) i7-12700KF, GPU: NVIDIA GeForce RTX 3070
LogInit: Compiled (64-bit): Nov 30 2021 07:12:08
LogInit: Compiled with Visual C++: 19.24.28315.00
LogInit: Build Configuration: Development
LogInit: Branch Name: ++UE4+Release-4.27
LogInit: Command Line: 
LogInit: Base Directory: D:/epiclibrary/UE_4.27/Engine/Binaries/Win64/
LogInit: Allocator: TBB
LogInit: Installed Engine Build: 1
LogDevObjectVersion: Number of dev versions registered: 29
LogDevObjectVersion:   Dev-Blueprints (B0D832E4-1F89-4F0D-ACCF-7EB736FD4AA2): 10
LogDevObjectVersion:   Dev-Build (E1C64328-A22C-4D53-A36C-8E866417BD8C): 0
LogDevObjectVersion:   Dev-Core (375EC13C-06E4-48FB-B500-84F0262A717E): 4
LogDevObjectVersion:   Dev-Editor (E4B068ED-F494-42E9-A231-DA0B2E46BB41): 40
LogDevObjectVersion:   Dev-Framework (CFFC743F-43B0-4480-9391-14DF171D2073): 37
LogDevObjectVersion:   Dev-Mobile (B02B49B5-BB20-44E9-A304-32B752E40360): 3
LogDevObjectVersion:   Dev-Networking (A4E4105C-59A1-49B5-A7C5-40C4547EDFEE): 0
LogDevObjectVersion:   Dev-Online (39C831C9-5AE6-47DC-9A44-9C173E1C8E7C): 0
LogDevObjectVersion:   Dev-Physics (78F01B33-EBEA-4F98-B9B4-84EACCB95AA2): 14
LogDevObjectVersion:   Dev-Platform (6631380F-2D4D-43E0-8009-CF276956A95A): 0
LogDevObjectVersion:   Dev-Rendering (12F88B9F-8875-4AFC-A67C-D90C383ABD29): 45
LogDevObjectVersion:   Dev-Sequencer (7B5AE74C-D270-4C10-A958-57980B212A5A): 13
LogDevObjectVersion:   Dev-VR (D7296918-1DD6-4BDD-9DE2-64A83CC13884): 3
LogDevObjectVersion:   Dev-LoadTimes (C2A15278-BFE7-4AFE-6C17-90FF531DF755): 1
LogDevObjectVersion:   Private-Geometry (6EACA3D4-40EC-4CC1-B786-8BED09428FC5): 3
LogDevObjectVersion:   Dev-AnimPhys (29E575DD-E0A3-4627-9D10-D276232CDCEA): 17
LogDevObjectVersion:   Dev-Anim (AF43A65D-7FD3-4947-9873-3E8ED9C1BB05): 15
LogDevObjectVersion:   Dev-ReflectionCapture (6B266CEC-1EC7-4B8F-A30B-E4D90942FC07): 1
LogDevObjectVersion:   Dev-Automation (0DF73D61-A23F-47EA-B727-89E90C41499A): 1
LogDevObjectVersion:   FortniteMain (601D1886-AC64-4F84-AA16-D3DE0DEAC7D6): 47
LogDevObjectVersion:   FortniteRelease (E7086368-6B23-4C58-8439-1B7016265E91): 1
LogDevObjectVersion:   Dev-Enterprise (9DFFBCD6-494F-0158-E221-12823C92A888): 10
LogDevObjectVersion:   Dev-Niagara (F2AED0AC-9AFE-416F-8664-AA7FFA26D6FC): 1
LogDevObjectVersion:   Dev-Destruction (174F1F0B-B4C6-45A5-B13F-2EE8D0FB917D): 10
LogDevObjectVersion:   Dev-Physics-Ext (35F94A83-E258-406C-A318-09F59610247C): 41
LogDevObjectVersion:   Dev-PhysicsMaterial-Chaos (B68FC16E-8B1B-42E2-B453-215C058844FE): 1
LogDevObjectVersion:   Dev-CineCamera (B2E18506-4273-CFC2-A54E-F4BB758BBA07): 1
LogDevObjectVersion:   Dev-VirtualProduction (64F58936-FD1B-42BA-BA96-7289D5D0FA4E): 1
LogDevObjectVersion:   Dev-MediaFramework (6F0ED827-A609-4895-9C91-998D90180EA4): 2
LogInit: Presizing for max 25165824 objects, including 0 objects not considered by GC, pre-allocating 0 bytes for permanent pool.
LogConfig: Applying CVar settings from Section [/Script/Engine.StreamingSettings] File [D:/Dossier UE5/UE4/murderer/Saved/Config/Windows/Engine.ini]
LogConfig: Setting CVar [[s.MinBulkDataSizeForAsyncLoading:131072]]
LogConfig: Setting CVar [[s.AsyncLoadingThreadEnabled:0]]
LogConfig: Setting CVar [[s.EventDrivenLoaderEnabled:1]]
LogConfig: Setting CVar [[s.WarnIfTimeLimitExceeded:0]]
LogConfig: Setting CVar [[s.TimeLimitExceededMultiplier:1.5]]
LogConfig: Setting CVar [[s.TimeLimitExceededMinTime:0.005]]
LogConfig: Setting CVar [[s.UseBackgroundLevelStreaming:1]]
LogConfig: Setting CVar [[s.PriorityAsyncLoadingExtraTime:15.0]]
LogConfig: Setting CVar [[s.LevelStreamingActorsUpdateTimeLimit:5.0]]
LogConfig: Setting CVar [[s.PriorityLevelStreamingActorsUpdateExtraTime:5.0]]
LogConfig: Setting CVar [[s.LevelStreamingComponentsRegistrationGranularity:10]]
LogConfig: Setting CVar [[s.UnregisterComponentsTimeLimit:1.0]]
LogConfig: Setting CVar [[s.LevelStreamingComponentsUnregistrationGranularity:5]]
LogConfig: Setting CVar [[s.FlushStreamingOnExit:1]]
LogInit: Object subsystem initialized
LogConfig: Setting CVar [[con.DebugEarlyDefault:1]]
LogConfig: Setting CVar [[r.setres:1280x720]]
[2022.05.30-17.41.14:049][  0]LogConfig: Setting CVar [[r.VSync:0]]
[2022.05.30-17.41.14:049][  0]LogConfig: Setting CVar [[r.RHICmdBypass:0]]
[2022.05.30-17.41.14:049][  0]LogConfig: Applying CVar settings from Section [/Script/Engine.RendererSettings] File [D:/Dossier UE5/UE4/murderer/Saved/Config/Windows/Engine.ini]
[2022.05.30-17.41.14:049][  0]LogConfig: Setting CVar [[r.GPUCrashDebugging:0]]
[2022.05.30-17.41.14:049][  0]LogConfig: Applying CVar settings from Section [/Script/Engine.RendererOverrideSettings] File [D:/Dossier UE5/UE4/murderer/Saved/Config/Windows/Engine.ini]
[2022.05.30-17.41.14:049][  0]LogConfig: Applying CVar settings from Section [/Script/Engine.StreamingSettings] File [D:/Dossier UE5/UE4/murderer/Saved/Config/Windows/Engine.ini]
[2022.05.30-17.41.14:049][  0]LogConfig: Setting CVar [[s.MinBulkDataSizeForAsyncLoading:131072]]
[2022.05.30-17.41.14:049][  0]LogConfig: Setting CVar [[s.AsyncLoadingThreadEnabled:0]]
[2022.05.30-17.41.14:049][  0]LogConfig: Setting CVar [[s.EventDrivenLoaderEnabled:1]]
[2022.05.30-17.41.14:049][  0]LogConfig: Setting CVar [[s.WarnIfTimeLimitExceeded:0]]
[2022.05.30-17.41.14:049][  0]LogConfig: Setting CVar [[s.TimeLimitExceededMultiplier:1.5]]
[2022.05.30-17.41.14:049][  0]LogConfig: Setting CVar [[s.TimeLimitExceededMinTime:0.005]]
[2022.05.30-17.41.14:049][  0]LogConfig: Setting CVar [[s.UseBackgroundLevelStreaming:1]]
[2022.05.30-17.41.14:049][  0]LogConfig: Setting CVar [[s.PriorityAsyncLoadingExtraTime:15.0]]
[2022.05.30-17.41.14:049][  0]LogConfig: Setting CVar [[s.LevelStreamingActorsUpdateTimeLimit:5.0]]
[2022.05.30-17.41.14:049][  0]LogConfig: Setting CVar [[s.PriorityLevelStreamingActorsUpdateExtraTime:5.0]]
[2022.05.30-17.41.14:049][  0]LogConfig: Setting CVar [[s.LevelStreamingComponentsRegistrationGranularity:10]]
[2022.05.30-17.41.14:049][  0]LogConfig: Setting CVar [[s.UnregisterComponentsTimeLimit:1.0]]
[2022.05.30-17.41.14:049][  0]LogConfig: Setting CVar [[s.LevelStreamingComponentsUnregistrationGranularity:5]]
[2022.05.30-17.41.14:049][  0]LogConfig: Setting CVar [[s.FlushStreamingOnExit:1]]
[2022.05.30-17.41.14:049][  0]LogConfig: Applying CVar settings from Section [/Script/Engine.GarbageCollectionSettings] File [D:/Dossier UE5/UE4/murderer/Saved/Config/Windows/Engine.ini]
[2022.05.30-17.41.14:049][  0]LogConfig: Setting CVar [[gc.MaxObjectsNotConsideredByGC:1]]
[2022.05.30-17.41.14:049][  0]LogConfig: Setting CVar [[gc.SizeOfPermanentObjectPool:0]]
[2022.05.30-17.41.14:049][  0]LogConfig: Setting CVar [[gc.FlushStreamingOnGC:0]]
[2022.05.30-17.41.14:049][  0]LogConfig: Setting CVar [[gc.NumRetriesBeforeForcingGC:10]]
[2022.05.30-17.41.14:049][  0]LogConfig: Setting CVar [[gc.AllowParallelGC:1]]
[2022.05.30-17.41.14:049][  0]LogConfig: Setting CVar [[gc.TimeBetweenPurgingPendingKillObjects:61.1]]
[2022.05.30-17.41.14:049][  0]LogConfig: Setting CVar [[gc.MaxObjectsInEditor:25165824]]
[2022.05.30-17.41.14:049][  0]LogConfig: Setting CVar [[gc.IncrementalBeginDestroyEnabled:1]]
[2022.05.30-17.41.14:049][  0]LogConfig: Setting CVar [[gc.CreateGCClusters:1]]
[2022.05.30-17.41.14:049][  0]LogConfig: Setting CVar [[gc.MinGCClusterSize:5]]
[2022.05.30-17.41.14:049][  0]LogConfig: Setting CVar [[gc.ActorClusteringEnabled:0]]
[2022.05.30-17.41.14:049][  0]LogConfig: Setting CVar [[gc.BlueprintClusteringEnabled:0]]
[2022.05.30-17.41.14:049][  0]LogConfig: Setting CVar [[gc.UseDisregardForGCOnDedicatedServers:0]]
[2022.05.30-17.41.14:049][  0]LogConfig: Setting CVar [[gc.MultithreadedDestructionEnabled:1]]
[2022.05.30-17.41.14:049][  0]LogConfig: Applying CVar settings from Section [/Script/Engine.NetworkSettings] File [D:/Dossier UE5/UE4/murderer/Saved/Config/Windows/Engine.ini]
[2022.05.30-17.41.14:049][  0]LogConfig: Applying CVar settings from Section [/Script/UnrealEd.CookerSettings] File [D:/Dossier UE5/UE4/murderer/Saved/Config/Windows/Engine.ini]
[2022.05.30-17.41.14:069][  0]LogConfig: Applying CVar settings from Section [ViewDistanceQuality@3] File [D:/Dossier UE5/UE4/murderer/Saved/Config/Windows/Scalability.ini]
[2022.05.30-17.41.14:069][  0]LogConfig: Setting CVar [[r.SkeletalMeshLODBias:0]]
[2022.05.30-17.41.14:069][  0]LogConfig: Setting CVar [[r.ViewDistanceScale:1.0]]
[2022.05.30-17.41.14:069][  0]LogConfig: Applying CVar settings from Section [AntiAliasingQuality@3] File [D:/Dossier UE5/UE4/murderer/Saved/Config/Windows/Scalability.ini]
[2022.05.30-17.41.14:069][  0]LogConfig: Setting CVar [[r.PostProcessAAQuality:4]]
[2022.05.30-17.41.14:069][  0]LogConfig: Applying CVar settings from Section [ShadowQuality@3] File [D:/Dossier UE5/UE4/murderer/Saved/Config/Windows/Scalability.ini]
[2022.05.30-17.41.14:069][  0]LogConfig: Setting CVar [[r.LightFunctionQuality:1]]
[2022.05.30-17.41.14:069][  0]LogConfig: Setting CVar [[r.ShadowQuality:5]]
[2022.05.30-17.41.14:069][  0]LogConfig: Setting CVar [[r.Shadow.CSM.MaxCascades:10]]
[2022.05.30-17.41.14:069][  0]LogConfig: Setting CVar [[r.Shadow.MaxResolution:2048]]
[2022.05.30-17.41.14:069][  0]LogConfig: Setting CVar [[r.Shadow.MaxCSMResolution:2048]]
[2022.05.30-17.41.14:069][  0]LogConfig: Setting CVar [[r.Shadow.RadiusThreshold:0.01]]
[2022.05.30-17.41.14:069][  0]LogConfig: Setting CVar [[r.Shadow.DistanceScale:1.0]]
[2022.05.30-17.41.14:069][  0]LogConfig: Setting CVar [[r.Shadow.CSM.TransitionScale:1.0]]
[2022.05.30-17.41.14:069][  0]LogConfig: Setting CVar [[r.Shadow.PreShadowResolutionFactor:1.0]]
[2022.05.30-17.41.14:069][  0]LogConfig: Setting CVar [[r.DistanceFieldShadowing:1]]
[2022.05.30-17.41.14:069][  0]LogConfig: Setting CVar [[r.DistanceFieldAO:1]]
[2022.05.30-17.41.14:069][  0]LogConfig: Setting CVar [[r.AOQuality:2]]
[2022.05.30-17.41.14:069][  0]LogConfig: Setting CVar [[r.VolumetricFog:1]]
[2022.05.30-17.41.14:069][  0]LogConfig: Setting CVar [[r.VolumetricFog.GridPixelSize:8]]
[2022.05.30-17.41.14:069][  0]LogConfig: Setting CVar [[r.VolumetricFog.GridSizeZ:128]]
[2022.05.30-17.41.14:069][  0]LogConfig: Setting CVar [[r.VolumetricFog.HistoryMissSupersampleCount:4]]
[2022.05.30-17.41.14:069][  0]LogConfig: Setting CVar [[r.LightMaxDrawDistanceScale:1]]
[2022.05.30-17.41.14:069][  0]LogConfig: Setting CVar [[r.CapsuleShadows:1]]
[2022.05.30-17.41.14:069][  0]LogConfig: Applying CVar settings from Section [PostProcessQuality@3] File [D:/Dossier UE5/UE4/murderer/Saved/Config/Windows/Scalability.ini]
[2022.05.30-17.41.14:069][  0]LogConfig: Setting CVar [[r.MotionBlurQuality:4]]
[2022.05.30-17.41.14:069][  0]LogConfig: Setting CVar [[r.AmbientOcclusionMipLevelFactor:0.4]]
[2022.05.30-17.41.14:069][  0]LogConfig: Setting CVar [[r.AmbientOcclusionMaxQuality:100]]
[2022.05.30-17.41.14:069][  0]LogConfig: Setting CVar [[r.AmbientOcclusionLevels:-1]]
[2022.05.30-17.41.14:069][  0]LogConfig: Setting CVar [[r.AmbientOcclusionRadiusScale:1.0]]
[2022.05.30-17.41.14:069][  0]LogConfig: Setting CVar [[r.DepthOfFieldQuality:2]]
[2022.05.30-17.41.14:069][  0]LogConfig: Setting CVar [[r.RenderTargetPoolMin:400]]
[2022.05.30-17.41.14:069][  0]LogConfig: Setting CVar [[r.LensFlareQuality:2]]
[2022.05.30-17.41.14:069][  0]LogConfig: Setting CVar [[r.SceneColorFringeQuality:1]]
[2022.05.30-17.41.14:069][  0]LogConfig: Setting CVar [[r.EyeAdaptationQuality:2]]
[2022.05.30-17.41.14:069][  0]LogConfig: Setting CVar [[r.BloomQuality:5]]
[2022.05.30-17.41.14:069][  0]LogConfig: Setting CVar [[r.FastBlurThreshold:100]]
[2022.05.30-17.41.14:069][  0]LogConfig: Setting CVar [[r.Upscale.Quality:3]]
[2022.05.30-17.41.14:069][  0]LogConfig: Setting CVar [[r.Tonemapper.GrainQuantization:1]]
[2022.05.30-17.41.14:069][  0]LogConfig: Setting CVar [[r.LightShaftQuality:1]]
[2022.05.30-17.41.14:069][  0]LogConfig: Setting CVar [[r.Filter.SizeScale:1]]
[2022.05.30-17.41.14:069][  0]LogConfig: Setting CVar [[r.Tonemapper.Quality:5]]
[2022.05.30-17.41.14:069][  0]LogConfig: Setting CVar [[r.DOF.Gather.AccumulatorQuality:1        ; higher gathering accumulator quality]]
[2022.05.30-17.41.14:069][  0]LogConfig: Setting CVar [[r.DOF.Gather.PostfilterMethod:1          ; Median3x3 postfilering method]]
[2022.05.30-17.41.14:069][  0]LogConfig: Setting CVar [[r.DOF.Gather.EnableBokehSettings:0       ; no bokeh simulation when gathering]]
[2022.05.30-17.41.14:069][  0]LogConfig: Setting CVar [[r.DOF.Gather.RingCount:4                 ; medium number of samples when gathering]]
[2022.05.30-17.41.14:069][  0]LogConfig: Setting CVar [[r.DOF.Scatter.ForegroundCompositing:1    ; additive foreground scattering]]
[2022.05.30-17.41.14:069][  0]LogConfig: Setting CVar [[r.DOF.Scatter.BackgroundCompositing:2    ; additive background scattering]]
[2022.05.30-17.41.14:069][  0]LogConfig: Setting CVar [[r.DOF.Scatter.EnableBokehSettings:1      ; bokeh simulation when scattering]]
[2022.05.30-17.41.14:070][  0]LogConfig: Setting CVar [[r.DOF.Scatter.MaxSpriteRatio:0.1         ; only a maximum of 10% of scattered bokeh]]
[2022.05.30-17.41.14:070][  0]LogConfig: Setting CVar [[r.DOF.Recombine.Quality:1                ; cheap slight out of focus]]
[2022.05.30-17.41.14:070][  0]LogConfig: Setting CVar [[r.DOF.Recombine.EnableBokehSettings:0    ; no bokeh simulation on slight out of focus]]
[2022.05.30-17.41.14:070][  0]LogConfig: Setting CVar [[r.DOF.TemporalAAQuality:1                ; more stable temporal accumulation]]
[2022.05.30-17.41.14:070][  0]LogConfig: Setting CVar [[r.DOF.Kernel.MaxForegroundRadius:0.025]]
[2022.05.30-17.41.14:070][  0]LogConfig: Setting CVar [[r.DOF.Kernel.MaxBackgroundRadius:0.025]]
[2022.05.30-17.41.14:070][  0]LogConfig: Applying CVar settings from Section [TextureQuality@3] File [D:/Dossier UE5/UE4/murderer/Saved/Config/Windows/Scalability.ini]
[2022.05.30-17.41.14:070][  0]LogConfig: Setting CVar [[r.Streaming.MipBias:0]]
[2022.05.30-17.41.14:070][  0]LogConfig: Setting CVar [[r.Streaming.AmortizeCPUToGPUCopy:0]]
[2022.05.30-17.41.14:070][  0]LogConfig: Setting CVar [[r.Streaming.MaxNumTexturesToStreamPerFrame:0]]
[2022.05.30-17.41.14:070][  0]LogConfig: Setting CVar [[r.Streaming.Boost:1]]
[2022.05.30-17.41.14:070][  0]LogConfig: Setting CVar [[r.MaxAnisotropy:8]]
[2022.05.30-17.41.14:070][  0]LogConfig: Setting CVar [[r.VT.MaxAnisotropy:8]]
[2022.05.30-17.41.14:070][  0]LogConfig: Setting CVar [[r.Streaming.LimitPoolSizeToVRAM:0]]
[2022.05.30-17.41.14:070][  0]LogConfig: Setting CVar [[r.Streaming.PoolSize:1000]]
[2022.05.30-17.41.14:070][  0]LogConfig: Setting CVar [[r.Streaming.MaxEffectiveScreenSize:0]]
[2022.05.30-17.41.14:070][  0]LogConfig: Applying CVar settings from Section [EffectsQuality@3] File [D:/Dossier UE5/UE4/murderer/Saved/Config/Windows/Scalability.ini]
[2022.05.30-17.41.14:070][  0]LogConfig: Setting CVar [[r.TranslucencyLightingVolumeDim:64]]
[2022.05.30-17.41.14:070][  0]LogConfig: Setting CVar [[r.RefractionQuality:2]]
[2022.05.30-17.41.14:070][  0]LogConfig: Setting CVar [[r.SSR.Quality:3]]
[2022.05.30-17.41.14:070][  0]LogConfig: Setting CVar [[r.SSR.HalfResSceneColor:0]]
[2022.05.30-17.41.14:070][  0]LogConfig: Setting CVar [[r.SceneColorFormat:4]]
[2022.05.30-17.41.14:070][  0]LogConfig: Setting CVar [[r.DetailMode:2]]
[2022.05.30-17.41.14:070][  0]LogConfig: Setting CVar [[r.TranslucencyVolumeBlur:1]]
[2022.05.30-17.41.14:070][  0]LogConfig: Setting CVar [[r.MaterialQualityLevel:1 ; High quality]]
[2022.05.30-17.41.14:070][  0]LogConfig: Setting CVar [[r.AnisotropicMaterials:1]]
[2022.05.30-17.41.14:070][  0]LogConfig: Setting CVar [[r.SSS.Scale:1]]
[2022.05.30-17.41.14:070][  0]LogConfig: Setting CVar [[r.SSS.SampleSet:2]]
[2022.05.30-17.41.14:070][  0]LogConfig: Setting CVar [[r.SSS.Quality:1]]
[2022.05.30-17.41.14:070][  0]LogConfig: Setting CVar [[r.SSS.HalfRes:0]]
[2022.05.30-17.41.14:070][  0]LogConfig: Setting CVar [[r.SSGI.Quality:3]]
[2022.05.30-17.41.14:070][  0]LogConfig: Setting CVar [[r.EmitterSpawnRateScale:1.0]]
[2022.05.30-17.41.14:070][  0]LogConfig: Setting CVar [[r.ParticleLightQuality:2]]
[2022.05.30-17.41.14:070][  0]LogConfig: Setting CVar [[r.SkyAtmosphere.AerialPerspectiveLUT.FastApplyOnOpaque:1 ; Always have FastSkyLUT 1 in this case to avoid wrong sky]]
[2022.05.30-17.41.14:070][  0]LogConfig: Setting CVar [[r.SkyAtmosphere.AerialPerspectiveLUT.SampleCountMaxPerSlice:4]]
[2022.05.30-17.41.14:070][  0]LogConfig: Setting CVar [[r.SkyAtmosphere.AerialPerspectiveLUT.DepthResolution:16.0]]
[2022.05.30-17.41.14:070][  0]LogConfig: Setting CVar [[r.SkyAtmosphere.FastSkyLUT:1]]
[2022.05.30-17.41.14:070][  0]LogConfig: Setting CVar [[r.SkyAtmosphere.FastSkyLUT.SampleCountMin:4.0]]
[2022.05.30-17.41.14:070][  0]LogConfig: Setting CVar [[r.SkyAtmosphere.FastSkyLUT.SampleCountMax:128.0]]
[2022.05.30-17.41.14:070][  0]LogConfig: Setting CVar [[r.SkyAtmosphere.SampleCountMin:4.0]]
[2022.05.30-17.41.14:070][  0]LogConfig: Setting CVar [[r.SkyAtmosphere.SampleCountMax:128.0]]
[2022.05.30-17.41.14:070][  0]LogConfig: Setting CVar [[r.SkyAtmosphere.TransmittanceLUT.UseSmallFormat:0]]
[2022.05.30-17.41.14:070][  0]LogConfig: Setting CVar [[r.SkyAtmosphere.TransmittanceLUT.SampleCount:10.0]]
[2022.05.30-17.41.14:070][  0]LogConfig: Setting CVar [[r.SkyAtmosphere.MultiScatteringLUT.SampleCount:15.0]]
[2022.05.30-17.41.14:070][  0]LogConfig: Setting CVar [[r.SkyLight.RealTimeReflectionCapture:1]]
[2022.05.30-17.41.14:070][  0]LogConfig: Applying CVar settings from Section [FoliageQuality@3] File [D:/Dossier UE5/UE4/murderer/Saved/Config/Windows/Scalability.ini]
[2022.05.30-17.41.14:070][  0]LogConfig: Setting CVar [[foliage.DensityScale:1.0]]
[2022.05.30-17.41.14:070][  0]LogConfig: Setting CVar [[grass.DensityScale:1.0]]
[2022.05.30-17.41.14:070][  0]LogConfig: Applying CVar settings from Section [ShadingQuality@3] File [D:/Dossier UE5/UE4/murderer/Saved/Config/Windows/Scalability.ini]
[2022.05.30-17.41.14:070][  0]LogConfig: Setting CVar [[r.HairStrands.SkyLighting.IntegrationType:2]]
[2022.05.30-17.41.14:070][  0]LogConfig: Setting CVar [[r.HairStrands.SkyAO.SampleCount:4]]
[2022.05.30-17.41.14:070][  0]LogConfig: Setting CVar [[r.HairStrands.Visibility.MSAA.SamplePerPixel:4]]
[2022.05.30-17.41.14:070][  0]LogInit: Selected Device Profile: [Windows]
[2022.05.30-17.41.14:070][  0]LogInit: Applying CVar settings loaded from the selected device profile: [Windows]
[2022.05.30-17.41.14:070][  0]LogHAL: Display: Platform has ~ 16 GB [17032929280 / 17179869184 / 16], which maps to Larger [LargestMinGB=32, LargerMinGB=12, DefaultMinGB=8, SmallerMinGB=6, SmallestMinGB=0)
[2022.05.30-17.41.14:070][  0]LogInit: Going up to parent DeviceProfile []
[2022.05.30-17.41.14:070][  0]LogConfig: Applying CVar settings from Section [ViewDistanceQuality@3] File [D:/Dossier UE5/UE4/murderer/Saved/Config/Windows/Scalability.ini]
[2022.05.30-17.41.14:070][  0]LogConfig: Setting CVar [[r.SkeletalMeshLODBias:0]]
[2022.05.30-17.41.14:070][  0]LogConfig: Setting CVar [[r.ViewDistanceScale:1.0]]
[2022.05.30-17.41.14:070][  0]LogConfig: Applying CVar settings from Section [AntiAliasingQuality@3] File [D:/Dossier UE5/UE4/murderer/Saved/Config/Windows/Scalability.ini]
[2022.05.30-17.41.14:070][  0]LogConfig: Setting CVar [[r.PostProcessAAQuality:4]]
[2022.05.30-17.41.14:070][  0]LogConfig: Applying CVar settings from Section [ShadowQuality@3] File [D:/Dossier UE5/UE4/murderer/Saved/Config/Windows/Scalability.ini]
[2022.05.30-17.41.14:070][  0]LogConfig: Setting CVar [[r.LightFunctionQuality:1]]
[2022.05.30-17.41.14:070][  0]LogConfig: Setting CVar [[r.ShadowQuality:5]]
[2022.05.30-17.41.14:070][  0]LogConfig: Setting CVar [[r.Shadow.CSM.MaxCascades:10]]
[2022.05.30-17.41.14:070][  0]LogConfig: Setting CVar [[r.Shadow.MaxResolution:2048]]
[2022.05.30-17.41.14:070][  0]LogConfig: Setting CVar [[r.Shadow.MaxCSMResolution:2048]]
[2022.05.30-17.41.14:070][  0]LogConfig: Setting CVar [[r.Shadow.RadiusThreshold:0.01]]
[2022.05.30-17.41.14:070][  0]LogConfig: Setting CVar [[r.Shadow.DistanceScale:1.0]]
[2022.05.30-17.41.14:070][  0]LogConfig: Setting CVar [[r.Shadow.CSM.TransitionScale:1.0]]
[2022.05.30-17.41.14:070][  0]LogConfig: Setting CVar [[r.Shadow.PreShadowResolutionFactor:1.0]]
[2022.05.30-17.41.14:070][  0]LogConfig: Setting CVar [[r.DistanceFieldShadowing:1]]
[2022.05.30-17.41.14:070][  0]LogConfig: Setting CVar [[r.DistanceFieldAO:1]]
[2022.05.30-17.41.14:070][  0]LogConfig: Setting CVar [[r.AOQuality:2]]
[2022.05.30-17.41.14:070][  0]LogConfig: Setting CVar [[r.VolumetricFog:1]]
[2022.05.30-17.41.14:070][  0]LogConfig: Setting CVar [[r.VolumetricFog.GridPixelSize:8]]
[2022.05.30-17.41.14:070][  0]LogConfig: Setting CVar [[r.VolumetricFog.GridSizeZ:128]]
[2022.05.30-17.41.14:070][  0]LogConfig: Setting CVar [[r.VolumetricFog.HistoryMissSupersampleCount:4]]
[2022.05.30-17.41.14:070][  0]LogConfig: Setting CVar [[r.LightMaxDrawDistanceScale:1]]
[2022.05.30-17.41.14:070][  0]LogConfig: Setting CVar [[r.CapsuleShadows:1]]
[2022.05.30-17.41.14:070][  0]LogConfig: Applying CVar settings from Section [PostProcessQuality@3] File [D:/Dossier UE5/UE4/murderer/Saved/Config/Windows/Scalability.ini]
[2022.05.30-17.41.14:070][  0]LogConfig: Setting CVar [[r.MotionBlurQuality:4]]
[2022.05.30-17.41.14:070][  0]LogConfig: Setting CVar [[r.AmbientOcclusionMipLevelFactor:0.4]]
[2022.05.30-17.41.14:070][  0]LogConfig: Setting CVar [[r.AmbientOcclusionMaxQuality:100]]
[2022.05.30-17.41.14:070][  0]LogConfig: Setting CVar [[r.AmbientOcclusionLevels:-1]]
[2022.05.30-17.41.14:070][  0]LogConfig: Setting CVar [[r.AmbientOcclusionRadiusScale:1.0]]
[2022.05.30-17.41.14:070][  0]LogConfig: Setting CVar [[r.DepthOfFieldQuality:2]]
[2022.05.30-17.41.14:070][  0]LogConfig: Setting CVar [[r.RenderTargetPoolMin:400]]
[2022.05.30-17.41.14:070][  0]LogConfig: Setting CVar [[r.LensFlareQuality:2]]
[2022.05.30-17.41.14:070][  0]LogConfig: Setting CVar [[r.SceneColorFringeQuality:1]]
[2022.05.30-17.41.14:070][  0]LogConfig: Setting CVar [[r.EyeAdaptationQuality:2]]
[2022.05.30-17.41.14:070][  0]LogConfig: Setting CVar [[r.BloomQuality:5]]
[2022.05.30-17.41.14:070][  0]LogConfig: Setting CVar [[r.FastBlurThreshold:100]]
[2022.05.30-17.41.14:070][  0]LogConfig: Setting CVar [[r.Upscale.Quality:3]]
[2022.05.30-17.41.14:070][  0]LogConfig: Setting CVar [[r.Tonemapper.GrainQuantization:1]]
[2022.05.30-17.41.14:070][  0]LogConfig: Setting CVar [[r.LightShaftQuality:1]]
[2022.05.30-17.41.14:070][  0]LogConfig: Setting CVar [[r.Filter.SizeScale:1]]
[2022.05.30-17.41.14:070][  0]LogConfig: Setting CVar [[r.Tonemapper.Quality:5]]
[2022.05.30-17.41.14:070][  0]LogConfig: Setting CVar [[r.DOF.Gather.AccumulatorQuality:1        ; higher gathering accumulator quality]]
[2022.05.30-17.41.14:070][  0]LogConfig: Setting CVar [[r.DOF.Gather.PostfilterMethod:1          ; Median3x3 postfilering method]]
[2022.05.30-17.41.14:070][  0]LogConfig: Setting CVar [[r.DOF.Gather.EnableBokehSettings:0       ; no bokeh simulation when gathering]]
[2022.05.30-17.41.14:070][  0]LogConfig: Setting CVar [[r.DOF.Gather.RingCount:4                 ; medium number of samples when gathering]]
[2022.05.30-17.41.14:070][  0]LogConfig: Setting CVar [[r.DOF.Scatter.ForegroundCompositing:1    ; additive foreground scattering]]
[2022.05.30-17.41.14:070][  0]LogConfig: Setting CVar [[r.DOF.Scatter.BackgroundCompositing:2    ; additive background scattering]]
[2022.05.30-17.41.14:070][  0]LogConfig: Setting CVar [[r.DOF.Scatter.EnableBokehSettings:1      ; bokeh simulation when scattering]]
[2022.05.30-17.41.14:070][  0]LogConfig: Setting CVar [[r.DOF.Scatter.MaxSpriteRatio:0.1         ; only a maximum of 10% of scattered bokeh]]
[2022.05.30-17.41.14:070][  0]LogConfig: Setting CVar [[r.DOF.Recombine.Quality:1                ; cheap slight out of focus]]
[2022.05.30-17.41.14:070][  0]LogConfig: Setting CVar [[r.DOF.Recombine.EnableBokehSettings:0    ; no bokeh simulation on slight out of focus]]
[2022.05.30-17.41.14:070][  0]LogConfig: Setting CVar [[r.DOF.TemporalAAQuality:1                ; more stable temporal accumulation]]
[2022.05.30-17.41.14:070][  0]LogConfig: Setting CVar [[r.DOF.Kernel.MaxForegroundRadius:0.025]]
[2022.05.30-17.41.14:070][  0]LogConfig: Setting CVar [[r.DOF.Kernel.MaxBackgroundRadius:0.025]]
[2022.05.30-17.41.14:070][  0]LogConfig: Applying CVar settings from Section [TextureQuality@3] File [D:/Dossier UE5/UE4/murderer/Saved/Config/Windows/Scalability.ini]
[2022.05.30-17.41.14:070][  0]LogConfig: Setting CVar [[r.Streaming.MipBias:0]]
[2022.05.30-17.41.14:070][  0]LogConfig: Setting CVar [[r.Streaming.AmortizeCPUToGPUCopy:0]]
[2022.05.30-17.41.14:070][  0]LogConfig: Setting CVar [[r.Streaming.MaxNumTexturesToStreamPerFrame:0]]
[2022.05.30-17.41.14:070][  0]LogConfig: Setting CVar [[r.Streaming.Boost:1]]
[2022.05.30-17.41.14:070][  0]LogConfig: Setting CVar [[r.MaxAnisotropy:8]]
[2022.05.30-17.41.14:070][  0]LogConfig: Setting CVar [[r.VT.MaxAnisotropy:8]]
[2022.05.30-17.41.14:070][  0]LogConfig: Setting CVar [[r.Streaming.LimitPoolSizeToVRAM:0]]
[2022.05.30-17.41.14:070][  0]LogConfig: Setting CVar [[r.Streaming.PoolSize:1000]]
[2022.05.30-17.41.14:070][  0]LogConfig: Setting CVar [[r.Streaming.MaxEffectiveScreenSize:0]]
[2022.05.30-17.41.14:070][  0]LogConfig: Applying CVar settings from Section [EffectsQuality@3] File [D:/Dossier UE5/UE4/murderer/Saved/Config/Windows/Scalability.ini]
[2022.05.30-17.41.14:070][  0]LogConfig: Setting CVar [[r.TranslucencyLightingVolumeDim:64]]
[2022.05.30-17.41.14:070][  0]LogConfig: Setting CVar [[r.RefractionQuality:2]]
[2022.05.30-17.41.14:070][  0]LogConfig: Setting CVar [[r.SSR.Quality:3]]
[2022.05.30-17.41.14:070][  0]LogConfig: Setting CVar [[r.SSR.HalfResSceneColor:0]]
[2022.05.30-17.41.14:070][  0]LogConfig: Setting CVar [[r.SceneColorFormat:4]]
[2022.05.30-17.41.14:070][  0]LogConfig: Setting CVar [[r.DetailMode:2]]
[2022.05.30-17.41.14:070][  0]LogConfig: Setting CVar [[r.TranslucencyVolumeBlur:1]]
[2022.05.30-17.41.14:070][  0]LogConfig: Setting CVar [[r.MaterialQualityLevel:1 ; High quality]]
[2022.05.30-17.41.14:070][  0]LogConfig: Setting CVar [[r.AnisotropicMaterials:1]]
[2022.05.30-17.41.14:070][  0]LogConfig: Setting CVar [[r.SSS.Scale:1]]
[2022.05.30-17.41.14:070][  0]LogConfig: Setting CVar [[r.SSS.SampleSet:2]]
[2022.05.30-17.41.14:070][  0]LogConfig: Setting CVar [[r.SSS.Quality:1]]
[2022.05.30-17.41.14:070][  0]LogConfig: Setting CVar [[r.SSS.HalfRes:0]]
[2022.05.30-17.41.14:070][  0]LogConfig: Setting CVar [[r.SSGI.Quality:3]]
[2022.05.30-17.41.14:070][  0]LogConfig: Setting CVar [[r.EmitterSpawnRateScale:1.0]]
[2022.05.30-17.41.14:070][  0]LogConfig: Setting CVar [[r.ParticleLightQuality:2]]
[2022.05.30-17.41.14:070][  0]LogConfig: Setting CVar [[r.SkyAtmosphere.AerialPerspectiveLUT.FastApplyOnOpaque:1 ; Always have FastSkyLUT 1 in this case to avoid wrong sky]]
[2022.05.30-17.41.14:070][  0]LogConfig: Setting CVar [[r.SkyAtmosphere.AerialPerspectiveLUT.SampleCountMaxPerSlice:4]]
[2022.05.30-17.41.14:070][  0]LogConfig: Setting CVar [[r.SkyAtmosphere.AerialPerspectiveLUT.DepthResolution:16.0]]
[2022.05.30-17.41.14:070][  0]LogConfig: Setting CVar [[r.SkyAtmosphere.FastSkyLUT:1]]
[2022.05.30-17.41.14:070][  0]LogConfig: Setting CVar [[r.SkyAtmosphere.FastSkyLUT.SampleCountMin:4.0]]
[2022.05.30-17.41.14:070][  0]LogConfig: Setting CVar [[r.SkyAtmosphere.FastSkyLUT.SampleCountMax:128.0]]
[2022.05.30-17.41.14:070][  0]LogConfig: Setting CVar [[r.SkyAtmosphere.SampleCountMin:4.0]]
[2022.05.30-17.41.14:070][  0]LogConfig: Setting CVar [[r.SkyAtmosphere.SampleCountMax:128.0]]
[2022.05.30-17.41.14:070][  0]LogConfig: Setting CVar [[r.SkyAtmosphere.TransmittanceLUT.UseSmallFormat:0]]
[2022.05.30-17.41.14:070][  0]LogConfig: Setting CVar [[r.SkyAtmosphere.TransmittanceLUT.SampleCount:10.0]]
[2022.05.30-17.41.14:070][  0]LogConfig: Setting CVar [[r.SkyAtmosphere.MultiScatteringLUT.SampleCount:15.0]]
[2022.05.30-17.41.14:070][  0]LogConfig: Setting CVar [[r.SkyLight.RealTimeReflectionCapture:1]]
[2022.05.30-17.41.14:070][  0]LogConfig: Applying CVar settings from Section [FoliageQuality@3] File [D:/Dossier UE5/UE4/murderer/Saved/Config/Windows/Scalability.ini]
[2022.05.30-17.41.14:070][  0]LogConfig: Setting CVar [[foliage.DensityScale:1.0]]
[2022.05.30-17.41.14:070][  0]LogConfig: Setting CVar [[grass.DensityScale:1.0]]
[2022.05.30-17.41.14:070][  0]LogConfig: Applying CVar settings from Section [ShadingQuality@3] File [D:/Dossier UE5/UE4/murderer/Saved/Config/Windows/Scalability.ini]
[2022.05.30-17.41.14:070][  0]LogConfig: Setting CVar [[r.HairStrands.SkyLighting.IntegrationType:2]]
[2022.05.30-17.41.14:070][  0]LogConfig: Setting CVar [[r.HairStrands.SkyAO.SampleCount:4]]
[2022.05.30-17.41.14:070][  0]LogConfig: Setting CVar [[r.HairStrands.Visibility.MSAA.SamplePerPixel:4]]
[2022.05.30-17.41.14:070][  0]LogConfig: Applying CVar settings from Section [Startup] File [../../../Engine/Config/ConsoleVariables.ini]
[2022.05.30-17.41.14:071][  0]LogConfig: Setting CVar [[net.UseAdaptiveNetUpdateFrequency:0]]
[2022.05.30-17.41.14:071][  0]LogConfig: Setting CVar [[p.chaos.AllowCreatePhysxBodies:1]]
[2022.05.30-17.41.14:071][  0]LogConfig: Setting CVar [[fx.SkipVectorVMBackendOptimizations:1]]
[2022.05.30-17.41.14:071][  0]LogConfig: Applying CVar settings from Section [ConsoleVariables] File [D:/Dossier UE5/UE4/murderer/Saved/Config/Windows/Engine.ini]
[2022.05.30-17.41.14:071][  0]LogConfig: Applying CVar settings from Section [ConsoleVariables] File [D:/Dossier UE5/UE4/murderer/Saved/Config/Windows/Editor.ini]
[2022.05.30-17.41.14:071][  0]LogInit: Computer: PC_MAXIME
[2022.05.30-17.41.14:071][  0]LogInit: User: saint
[2022.05.30-17.41.14:071][  0]LogInit: CPU Page size=4096, Cores=12
[2022.05.30-17.41.14:071][  0]LogInit: High frequency timer resolution =10.000000 MHz
[2022.05.30-17.41.14:071][  0]LogMemory: Memory total: Physical=15.9GB (16GB approx)
[2022.05.30-17.41.14:071][  0]LogMemory: Platform Memory Stats for Windows
[2022.05.30-17.41.14:071][  0]LogMemory: Process Physical Memory: 149.87 MB used, 149.87 MB peak
[2022.05.30-17.41.14:071][  0]LogMemory: Process Virtual Memory: 134.87 MB used, 134.87 MB peak
[2022.05.30-17.41.14:071][  0]LogMemory: Physical Memory: 6668.14 MB used,  9575.72 MB free, 16243.87 MB total
[2022.05.30-17.41.14:071][  0]LogMemory: Virtual Memory: 134206480.00 MB used,  11249.57 MB free, 134217728.00 MB total
[2022.05.30-17.41.14:074][  0]LogWindows: WindowsPlatformFeatures enabled
[2022.05.30-17.41.14:098][  0]LogInit: Physics initialised using underlying interface: PhysX
[2022.05.30-17.41.14:099][  0]LogInit: Using OS detected language (fr-FR).
[2022.05.30-17.41.14:099][  0]LogInit: Using OS detected locale (fr-FR).
[2022.05.30-17.41.14:099][  0]LogTextLocalizationManager: No specific localization for 'fr-FR' exists, so the 'fr' localization will be used.
[2022.05.30-17.41.14:099][  0]LogTextLocalizationResource: LocRes '../../../Engine/Content/Localization/Editor/fr/Editor.locres' could not be opened for reading!
[2022.05.30-17.41.14:100][  0]LogTextLocalizationResource: LocRes '../../../Engine/Content/Localization/EditorTutorials/fr/EditorTutorials.locres' could not be opened for reading!
[2022.05.30-17.41.14:100][  0]LogTextLocalizationResource: LocRes '../../../Engine/Content/Localization/Keywords/fr/Keywords.locres' could not be opened for reading!
[2022.05.30-17.41.14:100][  0]LogTextLocalizationResource: LocRes '../../../Engine/Content/Localization/Category/fr/Category.locres' could not be opened for reading!
[2022.05.30-17.41.14:100][  0]LogTextLocalizationResource: LocRes '../../../Engine/Content/Localization/ToolTips/fr/ToolTips.locres' could not be opened for reading!
[2022.05.30-17.41.14:100][  0]LogTextLocalizationResource: LocRes '../../../Engine/Content/Localization/PropertyNames/fr/PropertyNames.locres' could not be opened for reading!
[2022.05.30-17.41.14:100][  0]LogTextLocalizationResource: LocRes '../../../Engine/Content/Localization/Engine/fr/Engine.locres' could not be opened for reading!
[2022.05.30-17.41.14:107][  0]LogWindowsTextInputMethodSystem: Display: IME system deactivated.
[2022.05.30-17.41.14:114][  0]LogSlate: New Slate User Created.  User Index 0, Is Virtual User: 0
[2022.05.30-17.41.14:114][  0]LogSlate: Slate User Registered.  User Index 0, Is Virtual User: 0
[2022.05.30-17.41.14:160][  0]LogD3D11RHI: Loaded GFSDK_Aftermath_Lib.x64.dll
[2022.05.30-17.41.14:162][  0]LogHMD: Failed to initialize OpenVR with code 110
[2022.05.30-17.41.14:162][  0]LogD3D11RHI: D3D11 min allowed feature level: 11_0
[2022.05.30-17.41.14:162][  0]LogD3D11RHI: D3D11 max allowed feature level: 11_0
[2022.05.30-17.41.14:162][  0]LogD3D11RHI: D3D11 adapters:
[2022.05.30-17.41.14:212][  0]LogD3D11RHI:    0. 'NVIDIA GeForce RTX 3070' (Feature Level 11_0)
[2022.05.30-17.41.14:212][  0]LogD3D11RHI:       8043/0/8121 MB DedicatedVideo/DedicatedSystem/SharedSystem, Outputs:2, VendorId:0x10de
[2022.05.30-17.41.14:214][  0]LogD3D11RHI:    1. 'Microsoft Basic Render Driver' (Feature Level 11_0)
[2022.05.30-17.41.14:214][  0]LogD3D11RHI:       0/0/8121 MB DedicatedVideo/DedicatedSystem/SharedSystem, Outputs:0, VendorId:0x1414
[2022.05.30-17.41.14:214][  0]LogD3D11RHI: Chosen D3D11 Adapter:
[2022.05.30-17.41.14:214][  0]LogD3D11RHI:     Description : NVIDIA GeForce RTX 3070
[2022.05.30-17.41.14:214][  0]LogD3D11RHI:     VendorId    : 10de
[2022.05.30-17.41.14:214][  0]LogD3D11RHI:     DeviceId    : 2488
[2022.05.30-17.41.14:214][  0]LogD3D11RHI:     SubSysId    : 861719da
[2022.05.30-17.41.14:214][  0]LogD3D11RHI:     Revision    : 00a1
[2022.05.30-17.41.14:214][  0]LogD3D11RHI:     DedicatedVideoMemory : 8433696768 bytes
[2022.05.30-17.41.14:214][  0]LogD3D11RHI:     DedicatedSystemMemory : 0 bytes
[2022.05.30-17.41.14:214][  0]LogD3D11RHI:     SharedSystemMemory : 8516464640 bytes
[2022.05.30-17.41.14:214][  0]LogD3D11RHI:     AdapterLuid : 0 66903
[2022.05.30-17.41.14:218][  0]LogD3D11RHI: Creating new Direct3DDevice
[2022.05.30-17.41.14:218][  0]LogD3D11RHI:     GPU DeviceId: 0x2488 (for the marketing name, search the web for "GPU Device Id")
[2022.05.30-17.41.14:218][  0]LogWindows: EnumDisplayDevices:
[2022.05.30-17.41.14:218][  0]LogWindows:    0. 'NVIDIA GeForce RTX 3070' (P:1 D:1)
[2022.05.30-17.41.14:218][  0]LogWindows:    1. 'NVIDIA GeForce RTX 3070' (P:0 D:1)
[2022.05.30-17.41.14:218][  0]LogWindows:    2. 'NVIDIA GeForce RTX 3070' (P:0 D:0)
[2022.05.30-17.41.14:218][  0]LogWindows:    3. 'NVIDIA GeForce RTX 3070' (P:0 D:0)
[2022.05.30-17.41.14:218][  0]LogWindows: DebugString: FoundDriverCount:4 
[2022.05.30-17.41.14:218][  0]LogD3D11RHI:     Adapter Name: NVIDIA GeForce RTX 3070
[2022.05.30-17.41.14:218][  0]LogD3D11RHI:   Driver Version: 512.77 (internal:30.0.15.1277, unified:512.77)
[2022.05.30-17.41.14:218][  0]LogD3D11RHI:      Driver Date: 5-4-2022
[2022.05.30-17.41.14:218][  0]LogRHI: Texture pool is 5630 MB (70% of 8043 MB)
[2022.05.30-17.41.14:218][  0]LogD3D11RHI: Creating D3DDevice using adapter:
[2022.05.30-17.41.14:218][  0]LogD3D11RHI:     Description : NVIDIA GeForce RTX 3070
[2022.05.30-17.41.14:218][  0]LogD3D11RHI:     VendorId    : 10de
[2022.05.30-17.41.14:218][  0]LogD3D11RHI:     DeviceId    : 2488
[2022.05.30-17.41.14:218][  0]LogD3D11RHI:     SubSysId    : 861719da
[2022.05.30-17.41.14:218][  0]LogD3D11RHI:     Revision    : 00a1
[2022.05.30-17.41.14:218][  0]LogD3D11RHI:     DedicatedVideoMemory : 8433696768 bytes
[2022.05.30-17.41.14:218][  0]LogD3D11RHI:     DedicatedSystemMemory : 0 bytes
[2022.05.30-17.41.14:218][  0]LogD3D11RHI:     SharedSystemMemory : 8516464640 bytes
[2022.05.30-17.41.14:218][  0]LogD3D11RHI:     AdapterLuid : 0 66903
[2022.05.30-17.41.14:249][  0]LogD3D11RHI: RHI has support for 64 bit atomics
[2022.05.30-17.41.14:249][  0]LogD3D11RHI: Async texture creation enabled
[2022.05.30-17.41.14:249][  0]LogD3D11RHI: Array index from any shader is supported
[2022.05.30-17.41.14:250][  0]LogD3D11RHI: HDR output is supported on display 1 (NvId: 0x80061080).
[2022.05.30-17.41.14:266][  0]LogD3D11RHI: GPU Timing Frequency: 1000.000000 (Debug: 2 2)
[2022.05.30-17.41.14:279][  0]LogRHI: GeForceNow SDK initialized: 1
[2022.05.30-17.41.14:437][  0]LogTargetPlatformManager: Display: Loaded TargetPlatform 'AllDesktop'
[2022.05.30-17.41.14:449][  0]LogTargetPlatformManager: Display: Loaded TargetPlatform 'Android'
[2022.05.30-17.41.14:449][  0]LogTargetPlatformManager: Display: Loaded TargetPlatform 'Android_ASTC'
[2022.05.30-17.41.14:449][  0]LogTargetPlatformManager: Display: Loaded TargetPlatform 'Android_DXT'
[2022.05.30-17.41.14:449][  0]LogTargetPlatformManager: Display: Loaded TargetPlatform 'Android_ETC2'
[2022.05.30-17.41.14:450][  0]LogTargetPlatformManager: Display: Loaded TargetPlatform 'AndroidClient'
[2022.05.30-17.41.14:450][  0]LogTargetPlatformManager: Display: Loaded TargetPlatform 'Android_ASTCClient'
[2022.05.30-17.41.14:450][  0]LogTargetPlatformManager: Display: Loaded TargetPlatform 'Android_DXTClient'
[2022.05.30-17.41.14:450][  0]LogTargetPlatformManager: Display: Loaded TargetPlatform 'Android_ETC2Client'
[2022.05.30-17.41.14:450][  0]LogTargetPlatformManager: Display: Loaded TargetPlatform 'Android_Multi'
[2022.05.30-17.41.14:450][  0]LogTargetPlatformManager: Display: Loaded TargetPlatform 'Android_MultiClient'
[2022.05.30-17.41.14:461][  0]LogTargetPlatformManager: Display: Loaded TargetPlatform 'IOSClient'
[2022.05.30-17.41.14:461][  0]LogTargetPlatformManager: Display: Loaded TargetPlatform 'IOS'
[2022.05.30-17.41.14:465][  0]LogTargetPlatformManager: Display: Loaded TargetPlatform 'Linux'
[2022.05.30-17.41.14:468][  0]LogTargetPlatformManager: Display: Loaded TargetPlatform 'LinuxNoEditor'
[2022.05.30-17.41.14:471][  0]LogTargetPlatformManager: Display: Loaded TargetPlatform 'LinuxClient'
[2022.05.30-17.41.14:473][  0]LogTargetPlatformManager: Display: Loaded TargetPlatform 'LinuxServer'
[2022.05.30-17.41.14:478][  0]LogTargetPlatformManager: Display: Loaded TargetPlatform 'LinuxAArch64NoEditor'
[2022.05.30-17.41.14:480][  0]LogTargetPlatformManager: Display: Loaded TargetPlatform 'LinuxAArch64Client'
[2022.05.30-17.41.14:483][  0]LogTargetPlatformManager: Display: Loaded TargetPlatform 'LinuxAArch64Server'
[2022.05.30-17.41.14:493][  0]LogTargetPlatformManager: Display: Loaded TargetPlatform 'Lumin'
[2022.05.30-17.41.14:493][  0]LogTargetPlatformManager: Display: Loaded TargetPlatform 'LuminClient'
[2022.05.30-17.41.14:498][  0]LogTargetPlatformManager: Display: Loaded TargetPlatform 'MacNoEditor'
[2022.05.30-17.41.14:501][  0]LogTargetPlatformManager: Display: Loaded TargetPlatform 'Mac'
[2022.05.30-17.41.14:503][  0]LogTargetPlatformManager: Display: Loaded TargetPlatform 'MacClient'
[2022.05.30-17.41.14:506][  0]LogTargetPlatformManager: Display: Loaded TargetPlatform 'MacServer'
[2022.05.30-17.41.14:512][  0]LogTargetPlatformManager: Display: Loaded TargetPlatform 'TVOSClient'
[2022.05.30-17.41.14:512][  0]LogTargetPlatformManager: Display: Loaded TargetPlatform 'TVOS'
[2022.05.30-17.41.14:516][  0]LogTargetPlatformManager: Display: Loaded TargetPlatform 'WindowsNoEditor'
[2022.05.30-17.41.14:519][  0]LogTargetPlatformManager: Display: Loaded TargetPlatform 'Windows'
[2022.05.30-17.41.14:522][  0]LogTargetPlatformManager: Display: Loaded TargetPlatform 'WindowsClient'
[2022.05.30-17.41.14:524][  0]LogTargetPlatformManager: Display: Loaded TargetPlatform 'WindowsServer'
[2022.05.30-17.41.14:524][  0]LogTargetPlatformManager: Display: Building Assets For Windows
[2022.05.30-17.41.14:528][  0]LogAudioDebug: Display: Lib vorbis DLL was dynamically loaded.
[2022.05.30-17.41.14:546][  0]LogTextureFormatOodle: Display: Oodle Texture 2.9.0 init RDO Off
[2022.05.30-17.41.14:565][  0]LogRendererCore: Ray tracing is disabled. Reason: r.RayTracing=0.
[2022.05.30-17.41.14:565][  0]LogShaderCompilers: Guid format shader working directory is 6 characters bigger than the processId version (../../../../../Dossier UE5/UE4/murderer/Intermediate/Shaders/WorkingDirectory/16444/).
[2022.05.30-17.41.14:565][  0]LogShaderCompilers: Cleaned the shader compiler working directory 'C:/Users/saint/AppData/Local/Temp/UnrealShaderWorkingDir/66A59D654B9F6CF96B0AB48E725862DA/'.
[2022.05.30-17.41.14:565][  0]LogXGEController: Cannot use XGE Controller as Incredibuild is not installed on this machine.
[2022.05.30-17.41.14:565][  0]LogShaderCompilers: Cannot use XGE Shader Compiler as Incredibuild is not installed on this machine.
[2022.05.30-17.41.14:565][  0]LogShaderCompilers: Display: Using Local Shader Compiler.
[2022.05.30-17.41.15:044][  0]LogDerivedDataCache: Display: Max Cache Size: 512 MB
[2022.05.30-17.41.15:088][  0]LogDerivedDataCache: Loaded boot cache 0.04s 94MB C:/Users/saint/AppData/Local/UnrealEngine/4.27/DerivedDataCache/Boot.ddc.
[2022.05.30-17.41.15:088][  0]LogDerivedDataCache: Display: Loaded Boot cache: C:/Users/saint/AppData/Local/UnrealEngine/4.27/DerivedDataCache/Boot.ddc
[2022.05.30-17.41.15:088][  0]LogDerivedDataCache: FDerivedDataBackendGraph:  Pak pak cache file ../../../../../Dossier UE5/UE4/murderer/DerivedDataCache/DDC.ddp not found, will not use a pak cache.
[2022.05.30-17.41.15:088][  0]LogDerivedDataCache: Unable to find inner node Pak for hierarchical cache Hierarchy.
[2022.05.30-17.41.15:088][  0]LogDerivedDataCache: FDerivedDataBackendGraph:  CompressedPak pak cache file ../../../../../Dossier UE5/UE4/murderer/DerivedDataCache/Compressed.ddp not found, will not use a pak cache.
[2022.05.30-17.41.15:088][  0]LogDerivedDataCache: Unable to find inner node CompressedPak for hierarchical cache Hierarchy.
[2022.05.30-17.41.15:099][  0]LogDerivedDataCache: Display: Pak cache opened for reading ../../../Engine/DerivedDataCache/Compressed.ddp.
[2022.05.30-17.41.15:100][  0]LogDerivedDataCache: FDerivedDataBackendGraph:  EnterprisePak pak cache file ../../../Enterprise/DerivedDataCache/Compressed.ddp not found, will not use a pak cache.
[2022.05.30-17.41.15:100][  0]LogDerivedDataCache: Unable to find inner node EnterprisePak for hierarchical cache Hierarchy.
[2022.05.30-17.41.15:103][  0]LogDerivedDataCache: Speed tests for C:/Users/saint/AppData/Local/UnrealEngine/Common/DerivedDataCache took 0.00 seconds
[2022.05.30-17.41.15:103][  0]LogDerivedDataCache: Display: Performance to C:/Users/saint/AppData/Local/UnrealEngine/Common/DerivedDataCache: Latency=0.01ms. RandomReadSpeed=2790.18MBs, RandomWriteSpeed=295.66MBs. Assigned SpeedClass 'Local'
[2022.05.30-17.41.15:104][  0]LogDerivedDataCache: Using Local data cache path C:/Users/saint/AppData/Local/UnrealEngine/Common/DerivedDataCache: Writable
[2022.05.30-17.41.15:104][  0]LogDerivedDataCache: Shared data cache path not found in *engine.ini, will not use an Shared cache.
[2022.05.30-17.41.15:104][  0]LogDerivedDataCache: Unable to find inner node Shared for hierarchical cache Hierarchy.
[2022.05.30-17.41.15:131][  0]LogSlate: Using FreeType 2.10.0
[2022.05.30-17.41.15:131][  0]LogSlate: SlateFontServices - WITH_FREETYPE: 1, WITH_HARFBUZZ: 1
[2022.05.30-17.41.15:146][  0]LogAssetRegistry: FAssetRegistry took 0.0018 seconds to start up
[2022.05.30-17.41.15:277][  0]LogInit: Selected Device Profile: [Windows]
[2022.05.30-17.41.15:277][  0]LogInit: Active device profile: [00000172BA81B200][00000172BAB6C1C0 49] Windows
[2022.05.30-17.41.15:277][  0]LogInit: Profiles: [00000172BA81B200][00000172BAB6C1C0 49] Windows, [00000172BA7D5000][00000172BAB74340 49] WindowsNoEditor, [00000172BA819000][00000172BAB70480 49] WindowsServer, [00000172BA7D6A00][00000172BAB785C0 49] WindowsClient, [00000172BA81A900][00000172BAB7C700 49] IOS, [00000172BA7D5900][00000172BAB84880 49] iPadAir, [00000172BA819800][00000172BAB88A00 49] iPadAir2, [00000172BA78B800][00000172BAB90CC0 49] IPadPro, [00000172BA78B900][00000172BAB8CD00 49] iPadAir3, [00000172BA81A300][00000172BAB94E80 49] iPadAir4, [00000172BA789500][00000172BAB99000 49] iPadMini2, [00000172BA81B900][00000172BAB9D180 49] iPadMini3, [00000172BA78A400][00000172BABA1300 49] iPadMini4, [00000172BA818700][00000172BABA5480 49] iPadMini5, [00000172BA7D3100][00000172BABAD740 49] iPhone6, [00000172BA7D3200][00000172BABA9780 49] iPodTouch6, [00000172BA788700][00000172BABB5A40 49] iPhone7, [00000172BA788500][00000172BABB1A80 49] iPodTouch7, [00000172BA7D1400][00000172BABB9C00 49] iPhone5S, [00000172BA78A200][00000172BABBC200 49] iPhone6Plus, [00000172BA7D2500][00000172BABC0380 49] iPhone6S, [00000172BA789000][00000172BABC4500 49] iPhone6SPlus, [00000172BA7D3800][00000172BAB80640 49] iPhone7Plus, [00000172BA789700][00000172BABC8780 49] iPhoneSE, [00000172BA7D0C00][00000172BABCC8C0 49] iPhone8, [00000172BA789300][00000172BABD4A40 49] iPhone8Plus, [00000172BA7D2300][00000172BABD8BC0 49] iPhoneX, [00000172BA789100][00000172BABDCD40 49] iPhoneXS, [00000172BA7D1300][00000172BABE0EC0 49] iPhoneXSMax, [00000172BA78AB00][00000172BABE5040 49] iPhoneXR, [00000172BA7D1100][00000172BABE91C0 49] iPhone11, [00000172BA789800][00000172BABED340 49] iPhone11Pro, [00000172BA7D1600][00000172BABF14C0 49] iPhone11ProMax, [00000172BA78B100][00000172BABF5640 49] iPhoneSE2, [00000172BA7D1B00][00000172BABF97C0 49] iPhone12Mini, [00000172BA78B700][00000172BABFD940 49] iPhone12, [00000172BA7D2B00][00000172BAC01AC0 49] iPhone12Pro, [00000172BA789F00][00000172BAC040C0 49] iPhone12ProMax, [00000172BA7D0B00][00000172BAC08240 49] iPadPro105, [00000172BA788100][00000172BAC0C3C0 49] iPadPro129, [00000172BA7D2200][00000172BAC10540 49] iPadPro97, [00000172BA78A100][00000172BAC146C0 49] iPadPro2_129, [00000172BA7D2A00][00000172BABD0800 49] iPad5, [00000172BA78A000][00000172BAC18940 49] iPad6, [00000172BA7D0400][00000172BAC1CA80 49] iPad7, [00000172BA78B400][00000172BAC20BC0 49] iPad8, [00000172BA7D3F00][00000172BAC28D40 49] iPadPro11, [00000172BA788C00][00000172BAC2CEC0 49] iPadPro2_11, [00000172BA7D1C00][00000172BAC31040 49] iPadPro3_129, [00000172BA788900][00000172BAC351C0 49] iPadPro4_129, [00000172BA7D3000][00000172BAC39340 49] AppleTV, [00000172BA78BF00][00000172BAC3D4C0 49] AppleTV4K, [00000172BA7D1500][00000172BAC41640 49] TVOS, [00000172BA78A600][00000172BAC457C0 49] Mac, [00000172BA7D0500][00000172BAC49940 49] MacClient, [00000172BA78A500][00000172BAC4DAC0 49] MacNoEditor, [00000172BA7D2000][00000172BAC500C0 49] MacServer, [00000172BA789B00][00000172BAC54240 49] Linux, [00000172BA7D6300][00000172BAC583C0 49] LinuxAArch64, [00000172BA860500][00000172BAC5C540 49] LinuxNoEditor, [00000172BA7D4900][00000172BAC606C0 49] LinuxAArch64NoEditor, [00000172BA860E00][00000172BAC64840 49] LinuxClient, [00000172BA7D7800][00000172BAC24980 49] LinuxAArch64Client, [00000172BA861B00][00000172BAC68AC0 49] LinuxServer, [00000172BA7D6100][00000172BAC6CC00 49] LinuxAArch64Server, [00000172BA861100][00000172BAC70D40 49] Android, [00000172BA7D5600][00000172BAC78EC0 49] Android_Low, [00000172BA861900][00000172BAC7D040 49] Android_Mid, [00000172BA7D7000][00000172BAC811C0 49] Android_High, [00000172BA861500][00000172BAC85340 49] Android_Default, [00000172BA7D6700][00000172BAC894C0 49] Android_Adreno4xx, [00000172BA861D00][00000172BAC8D640 49] Android_Adreno5xx_Low, [00000172BA7D4B00][00000172BAC917C0 49] Android_Adreno5xx, [00000172BA862600][00000172BAC95940 49] Android_Adreno6xx, [00000172BA7D4400][00000172BAC99AC0 49] Android_Adreno6xx_Vulkan, [00000172BA860900][00000172BAC9C0C0 49] Android_Mali_T6xx, [00000172BA7D7600][00000172BACA0240 49] Android_Mali_T7xx, [00000172BA860600][00000172BAD143C0 49] Android_Mali_T8xx, [00000172BA78AF00][00000172BAD1C540 49] Android_Mali_G71, [00000172BA7D1200][00000172BAD286C0 49] Android_Mali_G72, [00000172BA789400][00000172BAD30840 49] Android_Mali_G72_Vulkan, [00000172BA7D3500][00000172BAD4C9C0 49] Android_Mali_G76, [00000172BA78B000][00000172B2AB4B40 49] Android_Mali_G76_Vulkan, [00000172BA7D0600][00000172BAC74C80 49] Android_Mali_G77, [00000172BA789900][00000172B2AB8DC0 49] Android_Mali_G77_Vulkan, [00000172BA7D1F00][00000172B2ABCF00 49] Android_Mali_G78, [00000172BA788800][00000172B2AC5080 49] Android_Mali_G78_Vulkan, [00000172BA7D3A00][00000172B2ACD200 49] Android_Mali_G710, [00000172BA78AD00][00000172B2AD1380 49] Android_Mali_G710_Vulkan, [00000172BA860D00][00000172B2AE1500 49] Android_Vulkan_SM5, [00000172BA78B600][00000172B2AE9680 49] Android_PowerVR_G6xxx, [00000172BA860F00][00000172B2AF5800 49] Android_PowerVR_GT7xxx, [00000172BA78AA00][00000172B2AF9980 49] Android_PowerVR_GE8xxx, [00000172BA861700][00000172B2AFDB00 49] Android_PowerVR_GM9xxx, [00000172BA788200][00000172B2B00100 49] Android_PowerVR_GM9xxx_Vulkan, [00000172BA861C00][00000172B2B04280 49] Android_TegraK1, [00000172BA78BC00][00000172B2B0C400 49] Android_Unknown_Vulkan, [00000172BA862100][00000172BACF6580 49] Lumin, [00000172BA78A700][00000172BAD0A700 49] Lumin_Desktop, [00000172BA860200][00000172BAD0E880 49] HoloLens, 
[2022.05.30-17.41.15:351][  0]LogMeshReduction: Using QuadricMeshReduction for automatic static mesh reduction
[2022.05.30-17.41.15:351][  0]LogMeshReduction: Using SimplygonMeshReduction for automatic skeletal mesh reduction
[2022.05.30-17.41.15:351][  0]LogMeshReduction: Using ProxyLODMeshReduction for automatic mesh merging
[2022.05.30-17.41.15:351][  0]LogMeshReduction: No distributed automatic mesh merging module available
[2022.05.30-17.41.15:351][  0]LogMeshMerging: No distributed automatic mesh merging module available
[2022.05.30-17.41.15:360][  0]LogNetVersion: murderer 1.0.0, NetCL: 17155196, EngineNetVer: 17, GameNetVer: 0 (Checksum: 1986990351)
[2022.05.30-17.41.15:562][  0]LogTexture: Default maximum texture size for cubemaps generated from long-lat sources has been changed from 512 to unlimited. In order to preserve old behaiour for '/Engine/MapTemplates/Sky/DaylightAmbientCubemap.DaylightAmbientCubemap', its maximum texture size has been explicitly set to 512.
[2022.05.30-17.41.15:601][  0]LogHMD: PokeAHoleMaterial loaded successfully
[2022.05.30-17.41.15:605][  0]LogUObjectArray: 17178 objects as part of root set at end of initial load.
[2022.05.30-17.41.15:605][  0]LogUObjectAllocator: 4302048 out of 0 bytes used by permanent object pool.
[2022.05.30-17.41.15:605][  0]LogUObjectArray: CloseDisregardForGC: 0/0 objects in disregard for GC pool
[2022.05.30-17.41.15:804][  0]LogTcpMessaging: Initializing TcpMessaging bridge
[2022.05.30-17.41.15:815][  0]LogNiagaraDebuggerClient: Niagara Debugger Client Initialized | Session: F9A9A26A4FA662636F48E29EDADC4F83 | Instance: 81AB6B124776D3C705F9BCBA342A3ADE (PC_MAXIME-16444).
[2022.05.30-17.41.15:834][  0]LogUdpMessaging: Initializing bridge on interface 0.0.0.0:0 to multicast group 230.0.0.1:6666.
[2022.05.30-17.41.15:845][  0]LogPython: Using Python 3.7.7
[2022.05.30-17.41.16:212][  0]SourceControl: Source control is disabled
[2022.05.30-17.41.16:514][  0]LogUProjectInfo: Found projects:
[2022.05.30-17.41.16:519][  0]LogVSAccessor: Display: Unable to create Visual Studio setup instance: 80040154
[2022.05.30-17.41.16:519][  0]LogVSAccessor: Display: Unable to create Visual Studio setup instance: 80040154
[2022.05.30-17.41.16:519][  0]LogVSAccessor: Display: Unable to create Visual Studio setup instance: 80040154
[2022.05.30-17.41.16:546][  0]LogAndroidPermission: UAndroidPermissionCallbackProxy::GetInstance
[2022.05.30-17.41.16:548][  0]LogOpenImageDenoise: OIDN starting up
[2022.05.30-17.41.16:563][  0]LogAudioCaptureCore: Display: No Audio Capture implementations found. Audio input will be silent.
[2022.05.30-17.41.16:563][  0]LogAudioCaptureCore: Display: No Audio Capture implementations found. Audio input will be silent.
[2022.05.30-17.41.16:645][  0]LogCollectionManager: Loaded 0 collections in 0.000373 seconds
[2022.05.30-17.41.16:659][  0]LogFileCache: Scanning file cache for directory 'D:/Dossier UE5/UE4/murderer/Saved/Collections/' took 0.00s
[2022.05.30-17.41.16:659][  0]LogFileCache: Scanning file cache for directory 'D:/Dossier UE5/UE4/murderer/Content/Developers/saint/Collections/' took 0.00s
[2022.05.30-17.41.16:659][  0]LogFileCache: Scanning file cache for directory 'D:/Dossier UE5/UE4/murderer/Content/Collections/' took 0.00s
[2022.05.30-17.41.16:659][  0]LogOcInput: OculusInput pre-init called
[2022.05.30-17.41.16:797][  0]LogEngine: Initializing Engine...
[2022.05.30-17.41.16:798][  0]LogHMD: Failed to enumerate extensions. Please check that you have a valid OpenXR runtime installed.
[2022.05.30-17.41.16:799][  0]LogHMD: Failed to initialize OpenVR with code 110
[2022.05.30-17.41.16:799][  0]LogMagicLeap: Warning: VR disabled because ZI is not enabled.  To enable, in the editor, Edit -> Project Settings -> Plugins -> Magic Leap Plugin -> Enable Zero Iteration
[2022.05.30-17.41.16:799][  0]LogStats: UGameplayTagsManager::InitializeManager -  0.000 s
[2022.05.30-17.41.16:871][  0]LogInit: Initializing FReadOnlyCVARCache
[2022.05.30-17.41.16:877][  0]LogAIModule: Creating AISystem for world Untitled
[2022.05.30-17.41.16:883][  0]LogAudio: Display: Initializing Audio Device Manager...
[2022.05.30-17.41.16:885][  0]LogAudio: Display: Loading Default Audio Settings Objects...
[2022.05.30-17.41.16:885][  0]LogAudio: Display: No default SoundConcurrencyObject specified (or failed to load).
[2022.05.30-17.41.16:886][  0]LogAudio: Display: Audio Device Manager Initialized
[2022.05.30-17.41.16:886][  0]LogAudio: Display: Creating Audio Device:                 Id: 1, Scope: Shared, Realtime: True
[2022.05.30-17.41.16:886][  0]LogAudioMixer: Display: Audio Mixer Platform Settings:
[2022.05.30-17.41.16:886][  0]LogAudioMixer: Display: 	Sample Rate:						  48000
[2022.05.30-17.41.16:886][  0]LogAudioMixer: Display: 	Callback Buffer Frame Size Requested: 1024
[2022.05.30-17.41.16:886][  0]LogAudioMixer: Display: 	Callback Buffer Frame Size To Use:	  1024
[2022.05.30-17.41.16:886][  0]LogAudioMixer: Display: 	Number of buffers to queue:			  2
[2022.05.30-17.41.16:886][  0]LogAudioMixer: Display: 	Max Channels (voices):				  32
[2022.05.30-17.41.16:886][  0]LogAudioMixer: Display: 	Number of Async Source Workers:		  0
[2022.05.30-17.41.16:886][  0]LogAudio: Display: AudioDevice MaxSources: 32
[2022.05.30-17.41.16:886][  0]LogAudio: Display: Audio Spatialization Plugin: None (built-in).
[2022.05.30-17.41.16:886][  0]LogAudio: Display: Audio Reverb Plugin: None (built-in).
[2022.05.30-17.41.16:886][  0]LogAudio: Display: Audio Occlusion Plugin: None (built-in).
[2022.05.30-17.41.16:886][  0]LogAudioMixer: Display: Initializing audio mixer.
[2022.05.30-17.41.16:893][  0]LogAudioMixer: Display: 0: FrontLeft
[2022.05.30-17.41.16:893][  0]LogAudioMixer: Display: 1: FrontRight
[2022.05.30-17.41.16:900][  0]LogAudioMixer: Display: Using Audio Device Haut-parleurs (USB Audio Device)
[2022.05.30-17.41.16:904][  0]LogAudioMixer: Display: Initializing Sound Submixes...
[2022.05.30-17.41.16:905][  0]LogAudioMixer: Display: Creating Master Submix 'MasterSubmixDefault'
[2022.05.30-17.41.16:905][  0]LogAudioMixer: Display: Creating Master Submix 'MasterReverbSubmixDefault'
[2022.05.30-17.41.16:906][  0]LogAudioMixer: Display: Creating Master Submix 'MasterEQSubmixDefault'
[2022.05.30-17.41.16:906][  0]LogAudioMixer: FMixerPlatformXAudio2::StartAudioStream() called
[2022.05.30-17.41.16:906][  0]LogAudioMixer: Display: Output buffers initialized: Frames=1024, Channels=2, Samples=2048
[2022.05.30-17.41.16:906][  0]LogAudioMixer: Display: Starting AudioMixerPlatformInterface::RunInternal()
[2022.05.30-17.41.16:906][  0]LogAudioMixer: Display: FMixerPlatformXAudio2::SubmitBuffer() called for the first time
[2022.05.30-17.41.16:906][  0]LogInit: FAudioDevice initialized.
[2022.05.30-17.41.16:906][  0]LogAudio: Display: Audio Device (ID: 1) registered with world 'Untitled'.
[2022.05.30-17.41.16:906][  0]LogNetVersion: Set ProjectVersion to 1.0.0.0. Version Checksum will be recalculated on next use.
[2022.05.30-17.41.16:969][  0]LogDerivedDataCache: Saved boot cache 0.06s 94MB C:/Users/saint/AppData/Local/UnrealEngine/4.27/DerivedDataCache/Boot.ddc.
[2022.05.30-17.41.16:969][  0]LogInit: Texture streaming: Enabled
[2022.05.30-17.41.16:977][  0]LogAnalytics: Display: [UEEditor.Rocket.Release] APIServer = https://datarouter.ol.epicgames.com/. AppVersion = 4.27.2-18319896+++UE4+Release-4.27
[2022.05.30-17.41.16:980][  0]LogEngineSessionManager: EngineSessionManager initialized
[2022.05.30-17.41.16:980][  0]LogEditorSessionSummary: Verbose: Initializing EditorSessionSummaryWriter for editor session tracking
[2022.05.30-17.41.16:981][  0]LogEditorSessionSummary: EditorSessionSummaryWriter initialized
[2022.05.30-17.41.16:992][  0]LogInit: Transaction tracking system initialized
[2022.05.30-17.41.17:005][  0]BlueprintLog: New page: Editor Load
[2022.05.30-17.41.17:041][  0]LocalizationService: Localization service is disabled
[2022.05.30-17.41.17:054][  0]TimingProfiler: Initialize
[2022.05.30-17.41.17:054][  0]TimingProfiler: OnSessionChanged
[2022.05.30-17.41.17:054][  0]LoadingProfiler: Initialize
[2022.05.30-17.41.17:054][  0]LoadingProfiler: OnSessionChanged
[2022.05.30-17.41.17:054][  0]NetworkingProfiler: Initialize
[2022.05.30-17.41.17:054][  0]NetworkingProfiler: OnSessionChanged
[2022.05.30-17.41.17:054][  0]MemoryProfiler: Initialize
[2022.05.30-17.41.17:054][  0]MemoryProfiler: OnSessionChanged
[2022.05.30-17.41.17:085][  0]LogVSAccessor: Display: Unable to create Visual Studio setup instance: 80040154
[2022.05.30-17.41.17:085][  0]LogVSAccessor: Display: Unable to create Visual Studio setup instance: 80040154
[2022.05.30-17.41.17:086][  0]LogVSAccessor: Display: Unable to create Visual Studio setup instance: 80040154
[2022.05.30-17.41.17:126][  0]LogCook: Display: CookSettings for Memory: MemoryMaxUsedVirtual 0MiB, MemoryMaxUsedPhysical 16384MiB, MemoryMinFreeVirtual 0MiB, MemoryMinFreePhysical 1024MiB
[2022.05.30-17.41.17:126][  0]LogCook: Display: Mobile HDR setting 1
[2022.05.30-17.41.17:234][  0]LogFileCache: Scanning file cache for directory 'D:/Dossier UE5/UE4/murderer/Content/' took 0.00s
[2022.05.30-17.41.17:337][  0]LogInit: Display: Engine is initialized. Leaving FEngineLoop::Init()
[2022.05.30-17.41.17:338][  0]LogUnrealEdMisc: Loading editor; pre map load, took 3.853
[2022.05.30-17.41.17:338][  0]Cmd: MAP LOAD FILE="../../../../../Dossier UE5/UE4/murderer/Content/FirstPersonBP/Maps/FirstPersonExampleMap.umap" TEMPLATE=0 SHOWPROGRESS=1 FEATURELEVEL=3
[2022.05.30-17.41.17:339][  0]LightingResults: New page: Lighting Build
[2022.05.30-17.41.17:339][  0]LogWorld: UWorld::CleanupWorld for Untitled, bSessionEnded=true, bCleanupResources=true
[2022.05.30-17.41.17:339][  0]LogSlate: InvalidateAllWidgets triggered.  All widgets were invalidated
[2022.05.30-17.41.17:339][  0]MapCheck: New page: Map Check
[2022.05.30-17.41.17:339][  0]LightingResults: New page: Lighting Build
[2022.05.30-17.41.17:342][  0]LogAudio: Display: Audio Device unregistered from world 'None'.
[2022.05.30-17.41.17:344][  0]LogUObjectHash: Compacting FUObjectHashTables data took   0.46ms
[2022.05.30-17.41.17:469][  0]LogTexture: Display: Building textures: DeprecatedTexture4E9A31EC459F824B7293D9A5960F381F (BGRA8, 128X128)
[2022.05.30-17.41.17:473][  0]LogAudio: Display: Audio Device (ID: 1) registered with world 'FirstPersonExampleMap'.
[2022.05.30-17.41.17:473][  0]LogAIModule: Creating AISystem for world FirstPersonExampleMap
[2022.05.30-17.41.17:479][  0]LogEditorServer: Finished looking for orphan Actors (0.000 secs)
[2022.05.30-17.41.17:484][  0]LogUObjectHash: Compacting FUObjectHashTables data took   0.49ms
[2022.05.30-17.41.17:484][  0]Cmd: MAP CHECKDEP NOCLEARLOG
[2022.05.30-17.41.17:484][  0]MapCheck: Map check complete: 0 Error(s), 0 Warning(s), took 0,058ms to complete.
[2022.05.30-17.41.17:484][  0]LogFileHelpers: Loading map 'FirstPersonExampleMap' took 0.146
[2022.05.30-17.41.17:485][  0]LogUnrealEdMisc: Total Editor Startup Time, took 4.000
[2022.05.30-17.41.17:563][  0]LogSlate: Updating window title bar state: overlay mode, drag disabled, window buttons hidden, title bar hidden
[2022.05.30-17.41.17:567][  0]LogSlate: Updating window title bar state: overlay mode, drag disabled, window buttons hidden, title bar hidden
[2022.05.30-17.41.17:571][  0]LogSlate: Updating window title bar state: overlay mode, drag disabled, window buttons hidden, title bar hidden
[2022.05.30-17.41.17:574][  0]LogSlate: Updating window title bar state: overlay mode, drag disabled, window buttons hidden, title bar hidden
[2022.05.30-17.41.17:584][  0]LogNativeClassHierarchy: Verbose: Native class hierarchy populated in 0.0063 seconds. Added 3822 classes and 928 folders.
[2022.05.30-17.41.17:585][  0]LogNativeClassHierarchy: Verbose: Native class hierarchy updated for 'WidgetCarousel' in 0.0002 seconds. Added 0 classes and 0 folders.
[2022.05.30-17.41.17:586][  0]LogPakFile: PakFile PrimaryIndexSize=187
[2022.05.30-17.41.17:586][  0]LogPakFile: PakFile PathHashIndexSize=101
[2022.05.30-17.41.17:586][  0]LogPakFile: PakFile FullDirectoryIndexSize=148
[2022.05.30-17.41.17:586][  0]LogShaderLibrary: Display: ShaderCodeLibraryPakFileMountedCallback: PakFile 'D:/epiclibrary/UE_4.27/FeaturePacks/FP_FirstPerson.upack' (chunk index -1, root 'root:/') mounted
[2022.05.30-17.41.17:586][  0]LogShaderLibrary: Display: ShaderCodeLibraryPakFileMountedCallback: pending pak file info (ChunkID:-1 Root:root:/ File:D:/epiclibrary/UE_4.27/FeaturePacks/FP_FirstPerson.upack)
[2022.05.30-17.41.17:586][  0]LogPakFile: OnPakFileMounted2Time == 0.000039
[2022.05.30-17.41.17:587][  0]LogPakFile: PakFile PrimaryIndexSize=189
[2022.05.30-17.41.17:587][  0]LogPakFile: PakFile PathHashIndexSize=101
[2022.05.30-17.41.17:587][  0]LogPakFile: PakFile FullDirectoryIndexSize=152
[2022.05.30-17.41.17:587][  0]LogShaderLibrary: Display: ShaderCodeLibraryPakFileMountedCallback: PakFile 'D:/epiclibrary/UE_4.27/FeaturePacks/FP_FirstPersonBP.upack' (chunk index -1, root 'root:/') mounted
[2022.05.30-17.41.17:587][  0]LogShaderLibrary: Display: ShaderCodeLibraryPakFileMountedCallback: pending pak file info (ChunkID:-1 Root:root:/ File:D:/epiclibrary/UE_4.27/FeaturePacks/FP_FirstPersonBP.upack)
[2022.05.30-17.41.17:587][  0]LogPakFile: OnPakFileMounted2Time == 0.000022
[2022.05.30-17.41.17:587][  0]LogPakFile: PakFile PrimaryIndexSize=191
[2022.05.30-17.41.17:587][  0]LogPakFile: PakFile PathHashIndexSize=101
[2022.05.30-17.41.17:587][  0]LogPakFile: PakFile FullDirectoryIndexSize=160
[2022.05.30-17.41.17:587][  0]LogShaderLibrary: Display: ShaderCodeLibraryPakFileMountedCallback: PakFile 'D:/epiclibrary/UE_4.27/FeaturePacks/MobileStarterContent.upack' (chunk index -1, root 'root:/') mounted
[2022.05.30-17.41.17:587][  0]LogShaderLibrary: Display: ShaderCodeLibraryPakFileMountedCallback: pending pak file info (ChunkID:-1 Root:root:/ File:D:/epiclibrary/UE_4.27/FeaturePacks/MobileStarterContent.upack)
[2022.05.30-17.41.17:587][  0]LogPakFile: OnPakFileMounted2Time == 0.000019
[2022.05.30-17.41.17:587][  0]LogPakFile: PakFile PrimaryIndexSize=185
[2022.05.30-17.41.17:587][  0]LogPakFile: PakFile PathHashIndexSize=101
[2022.05.30-17.41.17:587][  0]LogPakFile: PakFile FullDirectoryIndexSize=148
[2022.05.30-17.41.17:587][  0]LogShaderLibrary: Display: ShaderCodeLibraryPakFileMountedCallback: PakFile 'D:/epiclibrary/UE_4.27/FeaturePacks/StarterContent.upack' (chunk index -1, root 'root:/') mounted
[2022.05.30-17.41.17:587][  0]LogShaderLibrary: Display: ShaderCodeLibraryPakFileMountedCallback: pending pak file info (ChunkID:-1 Root:root:/ File:D:/epiclibrary/UE_4.27/FeaturePacks/StarterContent.upack)
[2022.05.30-17.41.17:587][  0]LogPakFile: OnPakFileMounted2Time == 0.000018
[2022.05.30-17.41.17:587][  0]LogPakFile: PakFile PrimaryIndexSize=190
[2022.05.30-17.41.17:587][  0]LogPakFile: PakFile PathHashIndexSize=101
[2022.05.30-17.41.17:587][  0]LogPakFile: PakFile FullDirectoryIndexSize=154
[2022.05.30-17.41.17:587][  0]LogShaderLibrary: Display: ShaderCodeLibraryPakFileMountedCallback: PakFile 'D:/epiclibrary/UE_4.27/FeaturePacks/TP_2DSideScroller.upack' (chunk index -1, root 'root:/') mounted
[2022.05.30-17.41.17:587][  0]LogShaderLibrary: Display: ShaderCodeLibraryPakFileMountedCallback: pending pak file info (ChunkID:-1 Root:root:/ File:D:/epiclibrary/UE_4.27/FeaturePacks/TP_2DSideScroller.upack)
[2022.05.30-17.41.17:587][  0]LogPakFile: OnPakFileMounted2Time == 0.000017
[2022.05.30-17.41.17:587][  0]LogPakFile: PakFile PrimaryIndexSize=192
[2022.05.30-17.41.17:587][  0]LogPakFile: PakFile PathHashIndexSize=101
[2022.05.30-17.41.17:587][  0]LogPakFile: PakFile FullDirectoryIndexSize=158
[2022.05.30-17.41.17:587][  0]LogShaderLibrary: Display: ShaderCodeLibraryPakFileMountedCallback: PakFile 'D:/epiclibrary/UE_4.27/FeaturePacks/TP_2DSideScrollerBP.upack' (chunk index -1, root 'root:/') mounted
[2022.05.30-17.41.17:588][  0]LogShaderLibrary: Display: ShaderCodeLibraryPakFileMountedCallback: pending pak file info (ChunkID:-1 Root:root:/ File:D:/epiclibrary/UE_4.27/FeaturePacks/TP_2DSideScrollerBP.upack)
[2022.05.30-17.41.17:588][  0]LogPakFile: OnPakFileMounted2Time == 0.000048
[2022.05.30-17.41.17:588][  0]LogPakFile: PakFile PrimaryIndexSize=182
[2022.05.30-17.41.17:588][  0]LogPakFile: PakFile PathHashIndexSize=101
[2022.05.30-17.41.17:588][  0]LogPakFile: PakFile FullDirectoryIndexSize=138
[2022.05.30-17.41.17:588][  0]LogShaderLibrary: Display: ShaderCodeLibraryPakFileMountedCallback: PakFile 'D:/epiclibrary/UE_4.27/FeaturePacks/TP_Flying.upack' (chunk index -1, root 'root:/') mounted
[2022.05.30-17.41.17:588][  0]LogShaderLibrary: Display: ShaderCodeLibraryPakFileMountedCallback: pending pak file info (ChunkID:-1 Root:root:/ File:D:/epiclibrary/UE_4.27/FeaturePacks/TP_Flying.upack)
[2022.05.30-17.41.17:588][  0]LogPakFile: OnPakFileMounted2Time == 0.000019
[2022.05.30-17.41.17:588][  0]LogPakFile: PakFile PrimaryIndexSize=184
[2022.05.30-17.41.17:588][  0]LogPakFile: PakFile PathHashIndexSize=101
[2022.05.30-17.41.17:588][  0]LogPakFile: PakFile FullDirectoryIndexSize=142
[2022.05.30-17.41.17:588][  0]LogShaderLibrary: Display: ShaderCodeLibraryPakFileMountedCallback: PakFile 'D:/epiclibrary/UE_4.27/FeaturePacks/TP_FlyingBP.upack' (chunk index -1, root 'root:/') mounted
[2022.05.30-17.41.17:588][  0]LogShaderLibrary: Display: ShaderCodeLibraryPakFileMountedCallback: pending pak file info (ChunkID:-1 Root:root:/ File:D:/epiclibrary/UE_4.27/FeaturePacks/TP_FlyingBP.upack)
[2022.05.30-17.41.17:588][  0]LogPakFile: OnPakFileMounted2Time == 0.000017
[2022.05.30-17.41.17:588][  0]LogPakFile: PakFile PrimaryIndexSize=188
[2022.05.30-17.41.17:588][  0]LogPakFile: PakFile PathHashIndexSize=101
[2022.05.30-17.41.17:588][  0]LogPakFile: PakFile FullDirectoryIndexSize=150
[2022.05.30-17.41.17:588][  0]LogShaderLibrary: Display: ShaderCodeLibraryPakFileMountedCallback: PakFile 'D:/epiclibrary/UE_4.27/FeaturePacks/TP_HandheldARBP.upack' (chunk index -1, root 'root:/') mounted
[2022.05.30-17.41.17:588][  0]LogShaderLibrary: Display: ShaderCodeLibraryPakFileMountedCallback: pending pak file info (ChunkID:-1 Root:root:/ File:D:/epiclibrary/UE_4.27/FeaturePacks/TP_HandheldARBP.upack)
[2022.05.30-17.41.17:588][  0]LogPakFile: OnPakFileMounted2Time == 0.000017
[2022.05.30-17.41.17:589][  0]LogPakFile: PakFile PrimaryIndexSize=182
[2022.05.30-17.41.17:589][  0]LogPakFile: PakFile PathHashIndexSize=101
[2022.05.30-17.41.17:589][  0]LogPakFile: PakFile FullDirectoryIndexSize=138
[2022.05.30-17.41.17:589][  0]LogShaderLibrary: Display: ShaderCodeLibraryPakFileMountedCallback: PakFile 'D:/epiclibrary/UE_4.27/FeaturePacks/TP_Puzzle.upack' (chunk index -1, root 'root:/') mounted
[2022.05.30-17.41.17:589][  0]LogShaderLibrary: Display: ShaderCodeLibraryPakFileMountedCallback: pending pak file info (ChunkID:-1 Root:root:/ File:D:/epiclibrary/UE_4.27/FeaturePacks/TP_Puzzle.upack)
[2022.05.30-17.41.17:589][  0]LogPakFile: OnPakFileMounted2Time == 0.000017
[2022.05.30-17.41.17:589][  0]LogPakFile: PakFile PrimaryIndexSize=184
[2022.05.30-17.41.17:589][  0]LogPakFile: PakFile PathHashIndexSize=101
[2022.05.30-17.41.17:589][  0]LogPakFile: PakFile FullDirectoryIndexSize=142
[2022.05.30-17.41.17:589][  0]LogShaderLibrary: Display: ShaderCodeLibraryPakFileMountedCallback: PakFile 'D:/epiclibrary/UE_4.27/FeaturePacks/TP_PuzzleBP.upack' (chunk index -1, root 'root:/') mounted
[2022.05.30-17.41.17:589][  0]LogShaderLibrary: Display: ShaderCodeLibraryPakFileMountedCallback: pending pak file info (ChunkID:-1 Root:root:/ File:D:/epiclibrary/UE_4.27/FeaturePacks/TP_PuzzleBP.upack)
[2022.05.30-17.41.17:589][  0]LogPakFile: OnPakFileMounted2Time == 0.000016
[2022.05.30-17.41.17:589][  0]LogPakFile: PakFile PrimaryIndexSize=183
[2022.05.30-17.41.17:589][  0]LogPakFile: PakFile PathHashIndexSize=101
[2022.05.30-17.41.17:589][  0]LogPakFile: PakFile FullDirectoryIndexSize=140
[2022.05.30-17.41.17:589][  0]LogShaderLibrary: Display: ShaderCodeLibraryPakFileMountedCallback: PakFile 'D:/epiclibrary/UE_4.27/FeaturePacks/TP_Rolling.upack' (chunk index -1, root 'root:/') mounted
[2022.05.30-17.41.17:589][  0]LogShaderLibrary: Display: ShaderCodeLibraryPakFileMountedCallback: pending pak file info (ChunkID:-1 Root:root:/ File:D:/epiclibrary/UE_4.27/FeaturePacks/TP_Rolling.upack)
[2022.05.30-17.41.17:589][  0]LogPakFile: OnPakFileMounted2Time == 0.000016
[2022.05.30-17.41.17:589][  0]LogPakFile: PakFile PrimaryIndexSize=185
[2022.05.30-17.41.17:589][  0]LogPakFile: PakFile PathHashIndexSize=101
[2022.05.30-17.41.17:589][  0]LogPakFile: PakFile FullDirectoryIndexSize=144
[2022.05.30-17.41.17:589][  0]LogShaderLibrary: Display: ShaderCodeLibraryPakFileMountedCallback: PakFile 'D:/epiclibrary/UE_4.27/FeaturePacks/TP_RollingBP.upack' (chunk index -1, root 'root:/') mounted
[2022.05.30-17.41.17:589][  0]LogShaderLibrary: Display: ShaderCodeLibraryPakFileMountedCallback: pending pak file info (ChunkID:-1 Root:root:/ File:D:/epiclibrary/UE_4.27/FeaturePacks/TP_RollingBP.upack)
[2022.05.30-17.41.17:589][  0]LogPakFile: OnPakFileMounted2Time == 0.000017
[2022.05.30-17.41.17:590][  0]LogPakFile: PakFile PrimaryIndexSize=188
[2022.05.30-17.41.17:590][  0]LogPakFile: PakFile PathHashIndexSize=101
[2022.05.30-17.41.17:590][  0]LogPakFile: PakFile FullDirectoryIndexSize=150
[2022.05.30-17.41.17:590][  0]LogShaderLibrary: Display: ShaderCodeLibraryPakFileMountedCallback: PakFile 'D:/epiclibrary/UE_4.27/FeaturePacks/TP_SideScroller.upack' (chunk index -1, root 'root:/') mounted
[2022.05.30-17.41.17:590][  0]LogShaderLibrary: Display: ShaderCodeLibraryPakFileMountedCallback: pending pak file info (ChunkID:-1 Root:root:/ File:D:/epiclibrary/UE_4.27/FeaturePacks/TP_SideScroller.upack)
[2022.05.30-17.41.17:590][  0]LogPakFile: OnPakFileMounted2Time == 0.000017
[2022.05.30-17.41.17:590][  0]LogPakFile: PakFile PrimaryIndexSize=190
[2022.05.30-17.41.17:590][  0]LogPakFile: PakFile PathHashIndexSize=101
[2022.05.30-17.41.17:590][  0]LogPakFile: PakFile FullDirectoryIndexSize=154
[2022.05.30-17.41.17:590][  0]LogShaderLibrary: Display: ShaderCodeLibraryPakFileMountedCallback: PakFile 'D:/epiclibrary/UE_4.27/FeaturePacks/TP_SideScrollerBP.upack' (chunk index -1, root 'root:/') mounted
[2022.05.30-17.41.17:590][  0]LogShaderLibrary: Display: ShaderCodeLibraryPakFileMountedCallback: pending pak file info (ChunkID:-1 Root:root:/ File:D:/epiclibrary/UE_4.27/FeaturePacks/TP_SideScrollerBP.upack)
[2022.05.30-17.41.17:590][  0]LogPakFile: OnPakFileMounted2Time == 0.000016
[2022.05.30-17.41.17:590][  0]LogPakFile: PakFile PrimaryIndexSize=187
[2022.05.30-17.41.17:590][  0]LogPakFile: PakFile PathHashIndexSize=101
[2022.05.30-17.41.17:590][  0]LogPakFile: PakFile FullDirectoryIndexSize=148
[2022.05.30-17.41.17:590][  0]LogShaderLibrary: Display: ShaderCodeLibraryPakFileMountedCallback: PakFile 'D:/epiclibrary/UE_4.27/FeaturePacks/TP_ThirdPerson.upack' (chunk index -1, root 'root:/') mounted
[2022.05.30-17.41.17:590][  0]LogShaderLibrary: Display: ShaderCodeLibraryPakFileMountedCallback: pending pak file info (ChunkID:-1 Root:root:/ File:D:/epiclibrary/UE_4.27/FeaturePacks/TP_ThirdPerson.upack)
[2022.05.30-17.41.17:590][  0]LogPakFile: OnPakFileMounted2Time == 0.000016
[2022.05.30-17.41.17:590][  0]LogPakFile: PakFile PrimaryIndexSize=189
[2022.05.30-17.41.17:590][  0]LogPakFile: PakFile PathHashIndexSize=101
[2022.05.30-17.41.17:590][  0]LogPakFile: PakFile FullDirectoryIndexSize=152
[2022.05.30-17.41.17:590][  0]LogShaderLibrary: Display: ShaderCodeLibraryPakFileMountedCallback: PakFile 'D:/epiclibrary/UE_4.27/FeaturePacks/TP_ThirdPersonBP.upack' (chunk index -1, root 'root:/') mounted
[2022.05.30-17.41.17:590][  0]LogShaderLibrary: Display: ShaderCodeLibraryPakFileMountedCallback: pending pak file info (ChunkID:-1 Root:root:/ File:D:/epiclibrary/UE_4.27/FeaturePacks/TP_ThirdPersonBP.upack)
[2022.05.30-17.41.17:590][  0]LogPakFile: OnPakFileMounted2Time == 0.000016
[2022.05.30-17.41.17:590][  0]LogPakFile: PakFile PrimaryIndexSize=183
[2022.05.30-17.41.17:590][  0]LogPakFile: PakFile PathHashIndexSize=101
[2022.05.30-17.41.17:590][  0]LogPakFile: PakFile FullDirectoryIndexSize=140
[2022.05.30-17.41.17:590][  0]LogShaderLibrary: Display: ShaderCodeLibraryPakFileMountedCallback: PakFile 'D:/epiclibrary/UE_4.27/FeaturePacks/TP_TopDown.upack' (chunk index -1, root 'root:/') mounted
[2022.05.30-17.41.17:590][  0]LogShaderLibrary: Display: ShaderCodeLibraryPakFileMountedCallback: pending pak file info (ChunkID:-1 Root:root:/ File:D:/epiclibrary/UE_4.27/FeaturePacks/TP_TopDown.upack)
[2022.05.30-17.41.17:591][  0]LogPakFile: OnPakFileMounted2Time == 0.000024
[2022.05.30-17.41.17:591][  0]LogPakFile: PakFile PrimaryIndexSize=185
[2022.05.30-17.41.17:591][  0]LogPakFile: PakFile PathHashIndexSize=101
[2022.05.30-17.41.17:591][  0]LogPakFile: PakFile FullDirectoryIndexSize=144
[2022.05.30-17.41.17:591][  0]LogShaderLibrary: Display: ShaderCodeLibraryPakFileMountedCallback: PakFile 'D:/epiclibrary/UE_4.27/FeaturePacks/TP_TopDownBP.upack' (chunk index -1, root 'root:/') mounted
[2022.05.30-17.41.17:591][  0]LogShaderLibrary: Display: ShaderCodeLibraryPakFileMountedCallback: pending pak file info (ChunkID:-1 Root:root:/ File:D:/epiclibrary/UE_4.27/FeaturePacks/TP_TopDownBP.upack)
[2022.05.30-17.41.17:591][  0]LogPakFile: OnPakFileMounted2Time == 0.000016
[2022.05.30-17.41.17:591][  0]LogPakFile: PakFile PrimaryIndexSize=185
[2022.05.30-17.41.17:591][  0]LogPakFile: PakFile PathHashIndexSize=101
[2022.05.30-17.41.17:591][  0]LogPakFile: PakFile FullDirectoryIndexSize=144
[2022.05.30-17.41.17:591][  0]LogShaderLibrary: Display: ShaderCodeLibraryPakFileMountedCallback: PakFile 'D:/epiclibrary/UE_4.27/FeaturePacks/TP_TwinStick.upack' (chunk index -1, root 'root:/') mounted
[2022.05.30-17.41.17:591][  0]LogShaderLibrary: Display: ShaderCodeLibraryPakFileMountedCallback: pending pak file info (ChunkID:-1 Root:root:/ File:D:/epiclibrary/UE_4.27/FeaturePacks/TP_TwinStick.upack)
[2022.05.30-17.41.17:591][  0]LogPakFile: OnPakFileMounted2Time == 0.000016
[2022.05.30-17.41.17:591][  0]LogPakFile: PakFile PrimaryIndexSize=187
[2022.05.30-17.41.17:591][  0]LogPakFile: PakFile PathHashIndexSize=101
[2022.05.30-17.41.17:591][  0]LogPakFile: PakFile FullDirectoryIndexSize=148
[2022.05.30-17.41.17:591][  0]LogShaderLibrary: Display: ShaderCodeLibraryPakFileMountedCallback: PakFile 'D:/epiclibrary/UE_4.27/FeaturePacks/TP_TwinStickBP.upack' (chunk index -1, root 'root:/') mounted
[2022.05.30-17.41.17:591][  0]LogShaderLibrary: Display: ShaderCodeLibraryPakFileMountedCallback: pending pak file info (ChunkID:-1 Root:root:/ File:D:/epiclibrary/UE_4.27/FeaturePacks/TP_TwinStickBP.upack)
[2022.05.30-17.41.17:591][  0]LogPakFile: OnPakFileMounted2Time == 0.000016
[2022.05.30-17.41.17:591][  0]LogPakFile: PakFile PrimaryIndexSize=183
[2022.05.30-17.41.17:591][  0]LogPakFile: PakFile PathHashIndexSize=101
[2022.05.30-17.41.17:591][  0]LogPakFile: PakFile FullDirectoryIndexSize=140
[2022.05.30-17.41.17:591][  0]LogShaderLibrary: Display: ShaderCodeLibraryPakFileMountedCallback: PakFile 'D:/epiclibrary/UE_4.27/FeaturePacks/TP_Vehicle.upack' (chunk index -1, root 'root:/') mounted
[2022.05.30-17.41.17:591][  0]LogShaderLibrary: Display: ShaderCodeLibraryPakFileMountedCallback: pending pak file info (ChunkID:-1 Root:root:/ File:D:/epiclibrary/UE_4.27/FeaturePacks/TP_Vehicle.upack)
[2022.05.30-17.41.17:591][  0]LogPakFile: OnPakFileMounted2Time == 0.000017
[2022.05.30-17.41.17:592][  0]LogPakFile: PakFile PrimaryIndexSize=186
[2022.05.30-17.41.17:592][  0]LogPakFile: PakFile PathHashIndexSize=101
[2022.05.30-17.41.17:592][  0]LogPakFile: PakFile FullDirectoryIndexSize=146
[2022.05.30-17.41.17:592][  0]LogShaderLibrary: Display: ShaderCodeLibraryPakFileMountedCallback: PakFile 'D:/epiclibrary/UE_4.27/FeaturePacks/TP_VehicleAdv.upack' (chunk index -1, root 'root:/') mounted
[2022.05.30-17.41.17:592][  0]LogShaderLibrary: Display: ShaderCodeLibraryPakFileMountedCallback: pending pak file info (ChunkID:-1 Root:root:/ File:D:/epiclibrary/UE_4.27/FeaturePacks/TP_VehicleAdv.upack)
[2022.05.30-17.41.17:592][  0]LogPakFile: OnPakFileMounted2Time == 0.000020
[2022.05.30-17.41.17:592][  0]LogPakFile: PakFile PrimaryIndexSize=188
[2022.05.30-17.41.17:592][  0]LogPakFile: PakFile PathHashIndexSize=101
[2022.05.30-17.41.17:592][  0]LogPakFile: PakFile FullDirectoryIndexSize=150
[2022.05.30-17.41.17:592][  0]LogShaderLibrary: Display: ShaderCodeLibraryPakFileMountedCallback: PakFile 'D:/epiclibrary/UE_4.27/FeaturePacks/TP_VehicleAdvBP.upack' (chunk index -1, root 'root:/') mounted
[2022.05.30-17.41.17:592][  0]LogShaderLibrary: Display: ShaderCodeLibraryPakFileMountedCallback: pending pak file info (ChunkID:-1 Root:root:/ File:D:/epiclibrary/UE_4.27/FeaturePacks/TP_VehicleAdvBP.upack)
[2022.05.30-17.41.17:592][  0]LogPakFile: OnPakFileMounted2Time == 0.000016
[2022.05.30-17.41.17:592][  0]LogPakFile: PakFile PrimaryIndexSize=185
[2022.05.30-17.41.17:592][  0]LogPakFile: PakFile PathHashIndexSize=101
[2022.05.30-17.41.17:592][  0]LogPakFile: PakFile FullDirectoryIndexSize=144
[2022.05.30-17.41.17:592][  0]LogShaderLibrary: Display: ShaderCodeLibraryPakFileMountedCallback: PakFile 'D:/epiclibrary/UE_4.27/FeaturePacks/TP_VehicleBP.upack' (chunk index -1, root 'root:/') mounted
[2022.05.30-17.41.17:592][  0]LogShaderLibrary: Display: ShaderCodeLibraryPakFileMountedCallback: pending pak file info (ChunkID:-1 Root:root:/ File:D:/epiclibrary/UE_4.27/FeaturePacks/TP_VehicleBP.upack)
[2022.05.30-17.41.17:592][  0]LogPakFile: OnPakFileMounted2Time == 0.000016
[2022.05.30-17.41.17:592][  0]LogPakFile: PakFile PrimaryIndexSize=192
[2022.05.30-17.41.17:592][  0]LogPakFile: PakFile PathHashIndexSize=101
[2022.05.30-17.41.17:592][  0]LogPakFile: PakFile FullDirectoryIndexSize=158
[2022.05.30-17.41.17:592][  0]LogShaderLibrary: Display: ShaderCodeLibraryPakFileMountedCallback: PakFile 'D:/epiclibrary/UE_4.27/FeaturePacks/TP_VirtualRealityBP.upack' (chunk index -1, root 'root:/') mounted
[2022.05.30-17.41.17:592][  0]LogShaderLibrary: Display: ShaderCodeLibraryPakFileMountedCallback: pending pak file info (ChunkID:-1 Root:root:/ File:D:/epiclibrary/UE_4.27/FeaturePacks/TP_VirtualRealityBP.upack)
[2022.05.30-17.41.17:592][  0]LogPakFile: OnPakFileMounted2Time == 0.000016
[2022.05.30-17.41.17:608][  0]LogNativeClassHierarchy: Verbose: Native class hierarchy updated for 'AddContentDialog' in 0.0002 seconds. Added 0 classes and 0 folders.
[2022.05.30-17.41.17:609][  0]LogNativeClassHierarchy: Verbose: Native class hierarchy updated for 'SceneOutliner' in 0.0002 seconds. Added 2 classes and 0 folders.
[2022.05.30-17.41.17:632][  0]LogSlate: Took 0.000124 seconds to synchronously load lazily loaded font '../../../Engine/Content/Slate/Fonts/Roboto-Regular.ttf' (155K)
[2022.05.30-17.41.17:633][  0]LogSlate: Took 0.000092 seconds to synchronously load lazily loaded font '../../../Engine/Content/Editor/Slate/Fonts/FontAwesome.ttf' (139K)
[2022.05.30-17.41.17:633][  0]LogSlate: Took 0.000064 seconds to synchronously load lazily loaded font '../../../Engine/Content/Slate/Fonts/Roboto-Bold.ttf' (160K)
[2022.05.30-17.41.17:681][  0]LogRenderer: Reallocating scene render targets to support 1288x616 Format 10 NumSamples 1 (Frame:1).
[2022.05.30-17.41.17:751][  0]LogNativeClassHierarchy: Verbose: Native class hierarchy updated for 'HierarchicalLODOutliner' in 0.0002 seconds. Added 0 classes and 0 folders.
[2022.05.30-17.41.17:751][  0]LogLoad: (Engine Initialization) Total time: 4.27 seconds
[2022.05.30-17.41.17:751][  0]LogLoad: (Engine Initialization) Total Blueprint compile time: 0.00 seconds
[2022.05.30-17.41.17:780][  0]LogAssetRegistry: Asset discovery search completed in 2.6351 seconds
[2022.05.30-17.41.17:783][  0]LogCollectionManager: Fixed up redirectors for 0 collections in 0.000003 seconds (updated 0 objects)
[2022.05.30-17.41.17:785][  0]LogContentStreaming: Texture pool size now 1000 MB
[2022.05.30-17.41.21:324][364]LogSlate: Took 0.000119 seconds to synchronously load lazily loaded font '../../../Engine/Content/Slate/Fonts/Roboto-Italic.ttf' (157K)
